2021-05-31 00:58:25,703 [INFO] Activator:170 - 


2021-05-31 00:58:25,704 [INFO] Activator:171 - !SESSION log4j initialized
2021-05-31 01:08:10,196 [INFO] McuFinderGlobals:39 - Set McuFinder mode to 2 (CubeIDE integrated)
2021-05-31 01:08:10,790 [INFO] ApplicationProperties:181 - Using Application install path: C:\ST\STM32CubeIDE_1.6.1\STM32CubeIDE\plugins\com.st.stm32cube.common.mx_6.2.1.202103241236
2021-05-31 01:08:10,804 [INFO] DbMcusXml:74 - Set database path to: C:\ST\STM32CubeIDE_1.6.1\STM32CubeIDE\plugins\com.st.stm32cube.common.mx_6.2.1.202103241236\\db\/mcu/
2021-05-31 01:08:10,809 [INFO] DbBoardsPdsc:56 - Set plugin database path to: C:\ST\STM32CubeIDE_1.6.1\STM32CubeIDE\plugins\com.st.stm32cube.common.mx_6.2.1.202103241236\\db\/plugins/boardmanager/
2021-05-31 01:08:10,809 [INFO] DbMcus:258 - Set plugin images path to: C:\ST\STM32CubeIDE_1.6.1\STM32CubeIDE\plugins\com.st.stm32cube.common.mx_6.2.1.202103241236\\db\/plugins/mcufinder/images/
2021-05-31 01:08:10,810 [INFO] DbBoards:264 - Set plugin images path to: C:\ST\STM32CubeIDE_1.6.1\STM32CubeIDE\plugins\com.st.stm32cube.common.mx_6.2.1.202103241236\\db\/plugins/mcufinder/images/
2021-05-31 01:08:10,813 [INFO] DbExamples:333 - Set plugin images path to: C:\ST\STM32CubeIDE_1.6.1\STM32CubeIDE\plugins\com.st.stm32cube.common.mx_6.2.1.202103241236\\db\/plugins/mcufinder/images/
2021-05-31 01:08:10,821 [INFO] DbMcusAds:85 - Set database path to: C:\Users\Nelson Lima\.stmcufinder\plugins\mcufinder//mcu/
2021-05-31 01:08:10,822 [INFO] DbMcusDocs:110 - Set database path to: C:\Users\Nelson Lima\.stmcufinder\plugins\mcufinder//mcu/
2021-05-31 01:08:10,824 [INFO] DbMcusJson:65 - Set database path to: C:\Users\Nelson Lima\.stmcufinder\plugins\mcufinder//mcu/
2021-05-31 01:08:10,825 [INFO] DbBoardsDocs:110 - Set database path to: C:\Users\Nelson Lima\.stmcufinder\plugins\mcufinder//mcu/
2021-05-31 01:08:10,827 [INFO] DbBoardsJson:58 - Set database path to: C:\Users\Nelson Lima\.stmcufinder\plugins\mcufinder//mcu/
2021-05-31 01:08:10,980 [INFO] CrossReferenceDbSqlite:196 - Set database path to: C:\Users\Nelson Lima\.stmcufinder\plugins\mcufinder//mcu/cs/
2021-05-31 01:08:10,984 [INFO] DbExamplesSqlite:690 - Set database path to: C:\Users\Nelson Lima\.stmcufinder\plugins\mcufinder//mcu/
2021-05-31 01:08:11,078 [INFO] RulesReader:52 - Compatibility file has been processed (237 Rules)
2021-05-31 01:08:11,170 [INFO] MicroXplorer:622 - Detected Java Version = 11.0.9.1
2021-05-31 01:08:11,171 [INFO] DbMcusXml:74 - Set database path to: C:\ST\STM32CubeIDE_1.6.1\STM32CubeIDE\plugins\com.st.stm32cube.common.mx_6.2.1.202103241236\\db\/mcu/
2021-05-31 01:08:11,172 [INFO] DbBoardsPdsc:56 - Set plugin database path to: C:\ST\STM32CubeIDE_1.6.1\STM32CubeIDE\plugins\com.st.stm32cube.common.mx_6.2.1.202103241236\\db\/plugins/boardmanager/
2021-05-31 01:08:11,172 [INFO] DbMcus:258 - Set plugin images path to: C:\ST\STM32CubeIDE_1.6.1\STM32CubeIDE\plugins\com.st.stm32cube.common.mx_6.2.1.202103241236\\db\/plugins/mcufinder/images/
2021-05-31 01:08:11,172 [INFO] DbBoards:264 - Set plugin images path to: C:\ST\STM32CubeIDE_1.6.1\STM32CubeIDE\plugins\com.st.stm32cube.common.mx_6.2.1.202103241236\\db\/plugins/mcufinder/images/
2021-05-31 01:08:11,172 [INFO] DbExamples:333 - Set plugin images path to: C:\ST\STM32CubeIDE_1.6.1\STM32CubeIDE\plugins\com.st.stm32cube.common.mx_6.2.1.202103241236\\db\/plugins/mcufinder/images/
2021-05-31 01:08:11,172 [WARN] DbFile:35 - Overriding database path with different value: C:\Users\Nelson Lima\.stmcufinder\plugins\mcufinder/ => C:\Users\Nelson Lima\.stmcufinder\plugins\mcufinder
2021-05-31 01:08:11,172 [INFO] DbMcusAds:85 - Set database path to: C:\Users\Nelson Lima\.stmcufinder\plugins\mcufinder//mcu/
2021-05-31 01:08:11,172 [WARN] DbFile:35 - Overriding database path with different value: C:\Users\Nelson Lima\.stmcufinder\plugins\mcufinder/ => C:\Users\Nelson Lima\.stmcufinder\plugins\mcufinder
2021-05-31 01:08:11,172 [INFO] DbMcusDocs:110 - Set database path to: C:\Users\Nelson Lima\.stmcufinder\plugins\mcufinder//mcu/
2021-05-31 01:08:11,172 [WARN] DbFile:35 - Overriding database path with different value: C:\Users\Nelson Lima\.stmcufinder\plugins\mcufinder/ => C:\Users\Nelson Lima\.stmcufinder\plugins\mcufinder
2021-05-31 01:08:11,174 [INFO] DbMcusJson:65 - Set database path to: C:\Users\Nelson Lima\.stmcufinder\plugins\mcufinder//mcu/
2021-05-31 01:08:11,174 [WARN] DbFile:35 - Overriding database path with different value: C:\Users\Nelson Lima\.stmcufinder\plugins\mcufinder/ => C:\Users\Nelson Lima\.stmcufinder\plugins\mcufinder
2021-05-31 01:08:11,174 [INFO] DbBoardsDocs:110 - Set database path to: C:\Users\Nelson Lima\.stmcufinder\plugins\mcufinder//mcu/
2021-05-31 01:08:11,174 [WARN] DbFile:35 - Overriding database path with different value: C:\Users\Nelson Lima\.stmcufinder\plugins\mcufinder/ => C:\Users\Nelson Lima\.stmcufinder\plugins\mcufinder
2021-05-31 01:08:11,174 [INFO] DbBoardsJson:58 - Set database path to: C:\Users\Nelson Lima\.stmcufinder\plugins\mcufinder//mcu/
2021-05-31 01:08:11,174 [WARN] DbFile:35 - Overriding database path with different value: C:\Users\Nelson Lima\.stmcufinder\plugins\mcufinder/ => C:\Users\Nelson Lima\.stmcufinder\plugins\mcufinder
2021-05-31 01:08:11,174 [WARN] DbFile:35 - Overriding database path with different value: C:\Users\Nelson Lima\.stmcufinder\plugins\mcufinder/ => C:\Users\Nelson Lima\.stmcufinder\plugins\mcufinder
2021-05-31 01:08:11,174 [INFO] CrossReferenceDbSqlite:196 - Set database path to: C:\Users\Nelson Lima\.stmcufinder\plugins\mcufinder//mcu/cs/
2021-05-31 01:08:11,174 [WARN] DbFile:35 - Overriding database path with different value: C:\Users\Nelson Lima\.stmcufinder\plugins\mcufinder/ => C:\Users\Nelson Lima\.stmcufinder\plugins\mcufinder
2021-05-31 01:08:11,174 [INFO] DbExamplesSqlite:690 - Set database path to: C:\Users\Nelson Lima\.stmcufinder\plugins\mcufinder//mcu/
2021-05-31 01:08:11,254 [INFO] MainPanel:204 - HeapMemory: 364904448
2021-05-31 01:08:11,319 [INFO] DbMcusXml:74 - Set database path to: C:\ST\STM32CubeIDE_1.6.1\STM32CubeIDE\plugins\com.st.stm32cube.common.mx_6.2.1.202103241236\\db\/mcu/
2021-05-31 01:08:11,320 [INFO] DbBoardsPdsc:56 - Set plugin database path to: C:\ST\STM32CubeIDE_1.6.1\STM32CubeIDE\plugins\com.st.stm32cube.common.mx_6.2.1.202103241236\\db\/plugins/boardmanager/
2021-05-31 01:08:11,320 [INFO] DbMcus:258 - Set plugin images path to: C:\ST\STM32CubeIDE_1.6.1\STM32CubeIDE\plugins\com.st.stm32cube.common.mx_6.2.1.202103241236\\db\/plugins/mcufinder/images/
2021-05-31 01:08:11,320 [INFO] DbBoards:264 - Set plugin images path to: C:\ST\STM32CubeIDE_1.6.1\STM32CubeIDE\plugins\com.st.stm32cube.common.mx_6.2.1.202103241236\\db\/plugins/mcufinder/images/
2021-05-31 01:08:11,320 [INFO] DbExamples:333 - Set plugin images path to: C:\ST\STM32CubeIDE_1.6.1\STM32CubeIDE\plugins\com.st.stm32cube.common.mx_6.2.1.202103241236\\db\/plugins/mcufinder/images/
2021-05-31 01:08:11,320 [WARN] DbFile:35 - Overriding database path with different value: C:\Users\Nelson Lima\.stmcufinder\plugins\mcufinder/ => C:\Users\Nelson Lima\.stmcufinder\plugins\mcufinder
2021-05-31 01:08:11,321 [INFO] DbMcusAds:85 - Set database path to: C:\Users\Nelson Lima\.stmcufinder\plugins\mcufinder//mcu/
2021-05-31 01:08:11,321 [WARN] DbFile:35 - Overriding database path with different value: C:\Users\Nelson Lima\.stmcufinder\plugins\mcufinder/ => C:\Users\Nelson Lima\.stmcufinder\plugins\mcufinder
2021-05-31 01:08:11,321 [INFO] DbMcusDocs:110 - Set database path to: C:\Users\Nelson Lima\.stmcufinder\plugins\mcufinder//mcu/
2021-05-31 01:08:11,321 [WARN] DbFile:35 - Overriding database path with different value: C:\Users\Nelson Lima\.stmcufinder\plugins\mcufinder/ => C:\Users\Nelson Lima\.stmcufinder\plugins\mcufinder
2021-05-31 01:08:11,321 [INFO] DbMcusJson:65 - Set database path to: C:\Users\Nelson Lima\.stmcufinder\plugins\mcufinder//mcu/
2021-05-31 01:08:11,321 [WARN] DbFile:35 - Overriding database path with different value: C:\Users\Nelson Lima\.stmcufinder\plugins\mcufinder/ => C:\Users\Nelson Lima\.stmcufinder\plugins\mcufinder
2021-05-31 01:08:11,321 [INFO] DbBoardsDocs:110 - Set database path to: C:\Users\Nelson Lima\.stmcufinder\plugins\mcufinder//mcu/
2021-05-31 01:08:11,321 [WARN] DbFile:35 - Overriding database path with different value: C:\Users\Nelson Lima\.stmcufinder\plugins\mcufinder/ => C:\Users\Nelson Lima\.stmcufinder\plugins\mcufinder
2021-05-31 01:08:11,321 [INFO] DbBoardsJson:58 - Set database path to: C:\Users\Nelson Lima\.stmcufinder\plugins\mcufinder//mcu/
2021-05-31 01:08:11,321 [WARN] DbFile:35 - Overriding database path with different value: C:\Users\Nelson Lima\.stmcufinder\plugins\mcufinder/ => C:\Users\Nelson Lima\.stmcufinder\plugins\mcufinder
2021-05-31 01:08:11,321 [WARN] DbFile:35 - Overriding database path with different value: C:\Users\Nelson Lima\.stmcufinder\plugins\mcufinder/ => C:\Users\Nelson Lima\.stmcufinder\plugins\mcufinder
2021-05-31 01:08:11,322 [INFO] CrossReferenceDbSqlite:196 - Set database path to: C:\Users\Nelson Lima\.stmcufinder\plugins\mcufinder//mcu/cs/
2021-05-31 01:08:11,322 [WARN] DbFile:35 - Overriding database path with different value: C:\Users\Nelson Lima\.stmcufinder\plugins\mcufinder/ => C:\Users\Nelson Lima\.stmcufinder\plugins\mcufinder
2021-05-31 01:08:11,322 [INFO] DbExamplesSqlite:690 - Set database path to: C:\Users\Nelson Lima\.stmcufinder\plugins\mcufinder//mcu/
2021-05-31 01:08:11,338 [INFO] ApplicationProperties:181 - Using Application install path: C:\ST\STM32CubeIDE_1.6.1\STM32CubeIDE\plugins\com.st.stm32cube.common.mx_6.2.1.202103241236
2021-05-31 01:08:11,339 [INFO] PluginManage:178 - Search for loadable plugins [exclusion list=, ]
2021-05-31 01:08:11,340 [INFO] PluginManage:292 - Check plugin analytics
2021-05-31 01:08:11,516 [INFO] AnalyticsPlugin:233 - Accepted Software Licenses: 
2021-05-31 01:08:11,516 [INFO] AnalyticsPlugin:235 - Accepted CMSIS Pack Licenses: 
2021-05-31 01:08:11,516 [INFO] AnalyticsPlugin:237 - Accepted Firmware Licenses: 
2021-05-31 01:08:11,516 [INFO] PluginManage:342 - Loaded plugin analytics (category:tool,tabindex:-1)
2021-05-31 01:08:11,516 [INFO] PluginManage:292 - Check plugin clock
2021-05-31 01:08:11,536 [INFO] PluginManage:342 - Loaded plugin clock (category:base,tabindex:2)
2021-05-31 01:08:11,536 [INFO] PluginManage:292 - Check plugin ddr
2021-05-31 01:08:11,537 [INFO] PluginManage:342 - Loaded plugin ddr (category:tool,tabindex:6)
2021-05-31 01:08:11,537 [INFO] PluginManage:292 - Check plugin filemanager
2021-05-31 01:08:11,655 [INFO] PluginManage:342 - Loaded plugin filemanager (category:base,tabindex:10)
2021-05-31 01:08:11,655 [INFO] PluginManage:292 - Check plugin ipmanager
2021-05-31 01:08:11,661 [INFO] PluginManage:342 - Loaded plugin ipmanager (category:base,tabindex:5)
2021-05-31 01:08:11,662 [INFO] PluginManage:292 - Check plugin pinoutandconfiguration
2021-05-31 01:08:11,678 [INFO] PluginManage:342 - Loaded plugin pinoutandconfiguration (category:base,tabindex:1)
2021-05-31 01:08:11,678 [INFO] PluginManage:292 - Check plugin pinoutconfig
2021-05-31 01:08:11,710 [INFO] PluginManage:342 - Loaded plugin pinoutconfig (category:base,tabindex:0)
2021-05-31 01:08:11,710 [INFO] PluginManage:292 - Check plugin power
2021-05-31 01:08:11,728 [INFO] PluginManage:342 - Loaded plugin power (category:power,tabindex:4)
2021-05-31 01:08:11,728 [INFO] PluginManage:292 - Check plugin projectmanager
2021-05-31 01:08:11,741 [INFO] PluginManage:342 - Loaded plugin projectmanager (category:projectmanager,tabindex:3)
2021-05-31 01:08:11,741 [INFO] PluginManage:292 - Check plugin thirdparty
2021-05-31 01:08:11,931 [INFO] PluginManage:342 - Loaded plugin thirdparty (category:base,tabindex:-1)
2021-05-31 01:08:11,931 [INFO] PluginManage:292 - Check plugin tools
2021-05-31 01:08:11,932 [WARN] IntegrityCheckThread:59 - waiting for thirdparty lock release [integrity check]
2021-05-31 01:08:11,933 [INFO] IntegrityCheckThread:61 - entering critical section [integrity check]
2021-05-31 01:08:11,933 [INFO] ThirdPartyUpdaterWithRetryManager:56 - Updater plugin not ready yet. [1/15]
2021-05-31 01:08:11,971 [INFO] PluginManage:342 - Loaded plugin tools (category:base,tabindex:7)
2021-05-31 01:08:11,972 [INFO] PluginManage:292 - Check plugin tutovideos
2021-05-31 01:08:12,181 [INFO] PluginManage:342 - Loaded plugin tutovideos (category:base,tabindex:-1)
2021-05-31 01:08:12,181 [INFO] PluginManage:292 - Check plugin updater
2021-05-31 01:08:12,191 [INFO] PluginManage:342 - Loaded plugin updater (category:base,tabindex:12)
2021-05-31 01:08:12,192 [INFO] PluginManage:265 - PluginManage : Loaded plugins [13]
2021-05-31 01:08:12,340 [INFO] PinOutPanel:1435 - setPackage(No Configuration,No Configuration)
2021-05-31 01:08:12,419 [INFO] IPUIPlugin:64 - create IPUIPlugin
2021-05-31 01:08:12,419 [INFO] PluginManager:203 - loadIPPluginJar : add adc
2021-05-31 01:08:12,446 [INFO] IPUIPlugin:64 - create IPUIPlugin
2021-05-31 01:08:12,446 [INFO] PluginManager:203 - loadIPPluginJar : add aes
2021-05-31 01:08:12,481 [INFO] IPUIPlugin:64 - create IPUIPlugin
2021-05-31 01:08:12,481 [INFO] PluginManager:203 - loadIPPluginJar : add can
2021-05-31 01:08:12,503 [INFO] IPUIPlugin:64 - create IPUIPlugin
2021-05-31 01:08:12,503 [INFO] PluginManager:203 - loadIPPluginJar : add comp
2021-05-31 01:08:12,530 [INFO] IPUIPlugin:64 - create IPUIPlugin
2021-05-31 01:08:12,530 [INFO] PluginManager:203 - loadIPPluginJar : add cryp
2021-05-31 01:08:12,556 [INFO] IPUIPlugin:64 - create IPUIPlugin
2021-05-31 01:08:12,556 [INFO] PluginManager:203 - loadIPPluginJar : add dfsdm
2021-05-31 01:08:12,568 [INFO] IPUIPlugin:64 - create IPUIPlugin
2021-05-31 01:08:12,568 [INFO] PluginManager:203 - loadIPPluginJar : add dma
2021-05-31 01:08:12,589 [INFO] IPUIPlugin:64 - create IPUIPlugin
2021-05-31 01:08:12,590 [INFO] PluginManager:203 - loadIPPluginJar : add fatfs
2021-05-31 01:08:12,631 [INFO] IPUIPlugin:64 - create IPUIPlugin
2021-05-31 01:08:12,631 [INFO] PluginManager:203 - loadIPPluginJar : add fmc
2021-05-31 01:08:12,643 [INFO] IPUIPlugin:64 - create IPUIPlugin
2021-05-31 01:08:12,643 [INFO] PluginManager:203 - loadIPPluginJar : add freertos
2021-05-31 01:08:12,666 [INFO] IPUIPlugin:64 - create IPUIPlugin
2021-05-31 01:08:12,666 [INFO] PluginManager:203 - loadIPPluginJar : add genericplugin
2021-05-31 01:08:12,732 [INFO] IPUIPlugin:64 - create IPUIPlugin
2021-05-31 01:08:12,732 [INFO] PluginManager:203 - loadIPPluginJar : add gfxmmu
2021-05-31 01:08:12,825 [INFO] IPUIPlugin:64 - create IPUIPlugin
2021-05-31 01:08:12,825 [INFO] PluginManager:203 - loadIPPluginJar : add gic
2021-05-31 01:08:12,837 [INFO] IPUIPlugin:64 - create IPUIPlugin
2021-05-31 01:08:12,837 [INFO] PluginManager:203 - loadIPPluginJar : add gpio
2021-05-31 01:08:12,893 [INFO] IPUIPlugin:64 - create IPUIPlugin
2021-05-31 01:08:12,894 [INFO] PluginManager:203 - loadIPPluginJar : add gtzc
2021-05-31 01:08:12,922 [INFO] IPUIPlugin:64 - create IPUIPlugin
2021-05-31 01:08:12,923 [INFO] PluginManager:203 - loadIPPluginJar : add hash
2021-05-31 01:08:12,970 [INFO] IPUIPlugin:64 - create IPUIPlugin
2021-05-31 01:08:12,970 [INFO] PluginManager:203 - loadIPPluginJar : add i2c
2021-05-31 01:08:13,004 [INFO] IPUIPlugin:64 - create IPUIPlugin
2021-05-31 01:08:13,004 [INFO] PluginManager:203 - loadIPPluginJar : add i2s
2021-05-31 01:08:13,014 [INFO] IPUIPlugin:64 - create IPUIPlugin
2021-05-31 01:08:13,014 [INFO] PluginManager:203 - loadIPPluginJar : add ipddr
2021-05-31 01:08:13,045 [INFO] IPUIPlugin:64 - create IPUIPlugin
2021-05-31 01:08:13,045 [INFO] PluginManager:203 - loadIPPluginJar : add lorawan
2021-05-31 01:08:13,075 [INFO] IPUIPlugin:64 - create IPUIPlugin
2021-05-31 01:08:13,076 [INFO] PluginManager:203 - loadIPPluginJar : add ltdc
2021-05-31 01:08:13,086 [INFO] IPUIPlugin:64 - create IPUIPlugin
2021-05-31 01:08:13,086 [INFO] PluginManager:203 - loadIPPluginJar : add mdma
2021-05-31 01:08:13,097 [INFO] IPUIPlugin:64 - create IPUIPlugin
2021-05-31 01:08:13,098 [INFO] PluginManager:203 - loadIPPluginJar : add nvic
2021-05-31 01:08:13,129 [INFO] IPUIPlugin:64 - create IPUIPlugin
2021-05-31 01:08:13,129 [INFO] PluginManager:203 - loadIPPluginJar : add opamp
2021-05-31 01:08:13,180 [INFO] IPUIPlugin:64 - create IPUIPlugin
2021-05-31 01:08:13,181 [INFO] PluginManager:203 - loadIPPluginJar : add openamp
2021-05-31 01:08:13,221 [INFO] IPUIPlugin:64 - create IPUIPlugin
2021-05-31 01:08:13,221 [INFO] PluginManager:203 - loadIPPluginJar : add pdm2pcm
2021-05-31 01:08:13,238 [INFO] IPUIPlugin:64 - create IPUIPlugin
2021-05-31 01:08:13,243 [INFO] PluginManager:203 - loadIPPluginJar : add plateformsettings
2021-05-31 01:08:13,270 [INFO] IPUIPlugin:64 - create IPUIPlugin
2021-05-31 01:08:13,270 [INFO] PluginManager:203 - loadIPPluginJar : add quadspi
2021-05-31 01:08:13,283 [INFO] IPUIPlugin:64 - create IPUIPlugin
2021-05-31 01:08:13,283 [INFO] PluginManager:203 - loadIPPluginJar : add resmgrutility
2021-05-31 01:08:13,332 [INFO] IPUIPlugin:64 - create IPUIPlugin
2021-05-31 01:08:13,332 [INFO] PluginManager:203 - loadIPPluginJar : add sai
2021-05-31 01:08:13,369 [INFO] IPUIPlugin:64 - create IPUIPlugin
2021-05-31 01:08:13,369 [INFO] PluginManager:203 - loadIPPluginJar : add spi
2021-05-31 01:08:13,416 [INFO] IPUIPlugin:64 - create IPUIPlugin
2021-05-31 01:08:13,416 [INFO] PluginManager:203 - loadIPPluginJar : add stm32_wpan
2021-05-31 01:08:13,444 [INFO] IPUIPlugin:64 - create IPUIPlugin
2021-05-31 01:08:13,451 [INFO] PluginManager:203 - loadIPPluginJar : add tim
2021-05-31 01:08:13,503 [INFO] IPUIPlugin:64 - create IPUIPlugin
2021-05-31 01:08:13,503 [INFO] PluginManager:203 - loadIPPluginJar : add touchsensing
2021-05-31 01:08:13,528 [INFO] IPUIPlugin:64 - create IPUIPlugin
2021-05-31 01:08:13,528 [INFO] PluginManager:203 - loadIPPluginJar : add tracer_emb
2021-05-31 01:08:13,560 [INFO] IPUIPlugin:64 - create IPUIPlugin
2021-05-31 01:08:13,560 [INFO] PluginManager:203 - loadIPPluginJar : add ts
2021-05-31 01:08:13,596 [INFO] IPUIPlugin:64 - create IPUIPlugin
2021-05-31 01:08:13,596 [INFO] PluginManager:203 - loadIPPluginJar : add tsc
2021-05-31 01:08:13,635 [INFO] IPUIPlugin:64 - create IPUIPlugin
2021-05-31 01:08:13,635 [INFO] PluginManager:203 - loadIPPluginJar : add ucpd
2021-05-31 01:08:13,678 [INFO] IPUIPlugin:64 - create IPUIPlugin
2021-05-31 01:08:13,679 [INFO] PluginManager:203 - loadIPPluginJar : add usart
2021-05-31 01:08:13,985 [FATAL] Updater:284 - Updater called before beeing initialized
2021-05-31 01:08:14,097 [FATAL] Updater:284 - Updater called before beeing initialized
2021-05-31 01:08:14,105 [INFO] DbMcusAds:132 - JSON generation date=Tue Apr 20 07:17:47 BRT 2021 (1618913867047)
2021-05-31 01:08:14,106 [FATAL] Updater:284 - Updater called before beeing initialized
2021-05-31 01:08:14,149 [WARN] DetailPanel:315 - Failed to get advertising image, set to default
2021-05-31 01:08:14,340 [FATAL] Updater:284 - Updater called before beeing initialized
2021-05-31 01:08:14,342 [FATAL] Updater:284 - Updater called before beeing initialized
2021-05-31 01:08:14,342 [FATAL] Updater:284 - Updater called before beeing initialized
2021-05-31 01:08:14,342 [WARN] DetailPanel:315 - Failed to get advertising image, set to default
2021-05-31 01:08:14,343 [FATAL] Updater:284 - Updater called before beeing initialized
2021-05-31 01:08:14,383 [FATAL] Updater:284 - Updater called before beeing initialized
2021-05-31 01:08:14,383 [WARN] ThirdParty:796 - waiting for thirdparty lock release [close project]
2021-05-31 01:08:14,945 [INFO] ThirdPartyUpdaterWithRetryManager:56 - Updater plugin not ready yet. [2/15]
2021-05-31 01:08:17,948 [FATAL] Updater:284 - Updater called before beeing initialized
2021-05-31 01:08:17,948 [ERROR] AbstractThirdPartyUpdaterManager:153 - class java.lang.Integer cannot be cast to class java.util.List (java.lang.Integer and java.util.List are in module java.base of loader 'bootstrap')
2021-05-31 01:08:17,948 [INFO] ThirdParty:900 - Integrity check success = false
2021-05-31 01:08:17,949 [INFO] IntegrityCheckThread:75 - exiting critical section [integrity check]
2021-05-31 01:08:17,949 [INFO] IntegrityCheckThread:78 - End integrity checks thread
2021-05-31 01:08:17,949 [INFO] ThirdParty:798 - entering critical section [close project]
2021-05-31 01:08:17,950 [INFO] ThirdParty:809 - exiting critical section [close project]
2021-05-31 01:08:17,953 [INFO] PinOutPanel:1435 - setPackage(No Configuration,No Configuration)
2021-05-31 01:08:17,953 [FATAL] Updater:284 - Updater called before beeing initialized
2021-05-31 01:08:17,965 [ERROR] Updater:1065 - MainUpdater not yet initialized. External WinMGr cannot be set.
2021-05-31 01:08:17,972 [INFO] Updater:1002 - Updater Version found : 6.2.1
2021-05-31 01:08:17,989 [INFO] ApplicationProperties:181 - Using Application install path: C:\ST\STM32CubeIDE_1.6.1\STM32CubeIDE\plugins\com.st.stm32cube.common.mx_6.2.1.202103241236
2021-05-31 01:08:18,794 [INFO] MainUpdater:2661 - connection check result : 10
2021-05-31 01:08:18,795 [INFO] MainUpdater:3349 - Updater definition file requires update
2021-05-31 01:08:18,796 [INFO] MainUpdater:255 - Updater Check For Update Now.
2021-05-31 01:08:18,796 [INFO] MicroXplorer:472 - Change Database Version : DB.6.0.21
2021-05-31 01:08:19,080 [INFO] ServerAccessManage:348 - Download File updaters.zip
2021-05-31 01:08:19,124 [INFO] FileExtend:225 - Unzip File : updaters.zip
2021-05-31 01:08:19,124 [INFO] FileExtend:240 - Standard Zip Deflate
2021-05-31 01:08:19,840 [INFO] ServerAccessManage:348 - Download File PacksControlFlags.xml
2021-05-31 01:08:19,984 [INFO] ServerAccessManage:348 - Download File cubemx.pidx
2021-05-31 01:08:20,069 [INFO] LoadServerUpdatesThread:329 - End of LoadServerUpdate Thread
2021-05-31 01:08:20,112 [INFO] CheckServerUpdateThread:102 - End of CheckServer Thread
2021-05-31 01:08:20,140 [INFO] MainUpdater:2661 - connection check result : 10
2021-05-31 01:08:20,485 [INFO] ServerAccessManage:348 - Download File ad.zip
2021-05-31 01:08:20,598 [INFO] FileExtend:225 - Unzip File : ad.zip
2021-05-31 01:08:20,598 [INFO] FileExtend:240 - Standard Zip Deflate
2021-05-31 01:08:20,625 [INFO] LoadUrlFilesThread:135 - End of LoadUrlFiles Thread
2021-05-31 01:08:21,356 [INFO] ServerAccessManage:348 - Download File mcusAds.json._tmp_
2021-05-31 01:08:21,366 [INFO] LoadUrlFilesThread:135 - End of LoadUrlFiles Thread
2021-05-31 01:08:21,933 [INFO] ServerAccessManage:348 - Download File mcusDocs.json._tmp_
2021-05-31 01:08:22,542 [INFO] LoadUrlFilesThread:135 - End of LoadUrlFiles Thread
2021-05-31 01:08:22,607 [INFO] ServerAccessManage:348 - Download File mcusFeaturesAndDescription.json._tmp_
2021-05-31 01:08:23,660 [INFO] LoadUrlFilesThread:135 - End of LoadUrlFiles Thread
2021-05-31 01:08:23,740 [INFO] ServerAccessManage:348 - Download File boardsDocs.json._tmp_
2021-05-31 01:08:23,806 [INFO] LoadUrlFilesThread:135 - End of LoadUrlFiles Thread
2021-05-31 01:08:23,869 [INFO] ServerAccessManage:348 - Download File boards.json._tmp_
2021-05-31 01:08:23,945 [INFO] LoadUrlFilesThread:135 - End of LoadUrlFiles Thread
2021-05-31 01:08:24,049 [INFO] ServerAccessManage:348 - Download File cube-finder-db.zip
2021-05-31 01:08:26,277 [INFO] FileExtend:225 - Unzip File : cube-finder-db.zip
2021-05-31 01:08:26,277 [INFO] FileExtend:240 - Standard Zip Deflate
2021-05-31 01:08:26,635 [INFO] LoadUrlFilesThread:135 - End of LoadUrlFiles Thread
2021-05-31 01:08:28,271 [INFO] ServerAccessManage:348 - Download File crdb.zip
2021-05-31 01:08:29,896 [INFO] FileExtend:225 - Unzip File : crdb.zip
2021-05-31 01:08:29,896 [INFO] FileExtend:240 - Standard Zip Deflate
2021-05-31 01:08:29,919 [INFO] LoadUrlFilesThread:135 - End of LoadUrlFiles Thread
2021-05-31 01:08:30,052 [INFO] ServerAccessManage:348 - Download File tutoVideoDB.zip
2021-05-31 01:08:30,066 [INFO] FileExtend:225 - Unzip File : tutoVideoDB.zip
2021-05-31 01:08:30,067 [INFO] FileExtend:240 - Standard Zip Deflate
2021-05-31 01:08:30,080 [INFO] LoadUrlFilesThread:135 - End of LoadUrlFiles Thread
2021-05-31 01:08:30,081 [INFO] DbMcusAds:132 - JSON generation date=Tue May 11 12:32:49 BRT 2021 (1620747169502)
2021-05-31 01:08:30,093 [INFO] DbMcusDocs:143 - JSON generation date=Mon Feb 08 10:35:07 BRT 2021 (1612791307)
2021-05-31 01:08:30,093 [INFO] DbMcusXml:100 - Load MCU database from C:\ST\STM32CubeIDE_1.6.1\STM32CubeIDE\plugins\com.st.stm32cube.common.mx_6.2.1.202103241236\\db\/mcu/families.xml
2021-05-31 01:08:30,703 [INFO] DbMcusJson:94 - JSON generation date=Mon Feb 08 10:35:07 BRT 2021 (1612791307)
2021-05-31 01:08:31,259 [INFO] DbMcus:175 - Found 1906 MCUs (1866 are supported by CubeMX, 1866 are visible in CubeMX)
2021-05-31 01:08:31,260 [INFO] ApiDb:251 - Load user favorites file C:\Users\Nelson Lima/.stm32cubeide/favorites.mcus.txt: 0 item(s)
2021-05-31 01:08:31,260 [INFO] ApiDb:255 - User favorites MCUs=[]
2021-05-31 01:08:31,260 [INFO] DbMcus:187 - Set 0 / 0 favorites MCUs
2021-05-31 01:08:31,593 [INFO] DbMcusDocs:79 - Found 617 MCUs documents
2021-05-31 01:08:31,595 [INFO] ApiDb:276 - Save user favorites file C:\Users\Nelson Lima/.stm32cubeide/favorites.mcus.txt: 0 item(s)
2021-05-31 01:08:31,595 [INFO] ApiDb:280 - User favorites MCUs=[]
2021-05-31 01:08:31,595 [INFO] DbMcusXml:100 - Load MCU database from C:\ST\STM32CubeIDE_1.6.1\STM32CubeIDE\plugins\com.st.stm32cube.common.mx_6.2.1.202103241236\\db\/mcu/families.xml
2021-05-31 01:08:32,112 [INFO] DbMcusJson:94 - JSON generation date=Mon Feb 08 10:35:07 BRT 2021 (1612791307)
2021-05-31 01:08:32,563 [INFO] DbMcus:175 - Found 1906 MCUs (1866 are supported by CubeMX, 1866 are visible in CubeMX)
2021-05-31 01:08:32,564 [INFO] ApiDb:251 - Load user favorites file C:\Users\Nelson Lima/.stm32cubeide/favorites.mcus.txt: 0 item(s)
2021-05-31 01:08:32,564 [INFO] ApiDb:255 - User favorites MCUs=[]
2021-05-31 01:08:32,564 [INFO] DbMcus:187 - Set 0 / 0 favorites MCUs
2021-05-31 01:08:32,597 [INFO] DbBoardsDocs:143 - JSON generation date=Mon Feb 08 10:35:07 BRT 2021 (1612791307)
2021-05-31 01:08:32,611 [INFO] DbBoardsPdsc:90 - Found 24 items
2021-05-31 01:08:32,619 [INFO] DbBoardsPdsc:90 - Found 9 items
2021-05-31 01:08:32,629 [INFO] DbBoardsPdsc:90 - Found 33 items
2021-05-31 01:08:32,636 [INFO] DbBoardsPdsc:90 - Found 1 items
2021-05-31 01:08:32,656 [INFO] DbBoardsPdsc:90 - Found 46 items
2021-05-31 01:08:32,669 [INFO] DbBoardsPdsc:90 - Found 41 items
2021-05-31 01:08:32,677 [INFO] DbBoardsPdsc:90 - Found 2 items
2021-05-31 01:08:32,683 [INFO] DbBoardsPdsc:90 - Found 5 items
2021-05-31 01:08:32,686 [WARN] DbBoardsPdsc:254 - Board NUCLEO-WB15CC: unknown feature type=, name=, username=Three user LEDs, n=1
2021-05-31 01:08:32,686 [WARN] DbBoardsPdsc:254 - Board NUCLEO-WB15CC: unknown feature type=, name=, username=One reset and three user push-buttons, n=1
2021-05-31 01:08:32,686 [WARN] DbBoardsPdsc:254 - Board NUCLEO-WB15CC: unknown feature type=, name=, username=Arduino Uno V3 expansion connector, n=1
2021-05-31 01:08:32,686 [WARN] DbBoardsPdsc:254 - Board NUCLEO-WB15CC: unknown feature type=, name=, username=ST morpho extension pin headers for full access to all STM32WB I/Os, n=1
2021-05-31 01:08:32,686 [WARN] DbBoardsPdsc:254 - Board NUCLEO-WB15CC: unknown feature type=, name=, username=Integrated PCB antenna and SMA connector footprint, n=1
2021-05-31 01:08:32,687 [WARN] DbBoardsPdsc:254 - Board NUCLEO-WB15CC: unknown feature type=, name=, username=Flexible power-supply options: ST-LINK, USB VBUS, or external sources, n=1
2021-05-31 01:08:32,687 [WARN] DbBoardsPdsc:254 - Board NUCLEO-WB15CC: unknown feature type=, name=, username=On-board footprint to mount a CR2032 battery socket, n=1
2021-05-31 01:08:32,687 [WARN] DbBoardsPdsc:254 - Board NUCLEO-WB15CC: unknown feature type=, name=, username=On-board ST-LINK/V2-1 debugger/programmer with USB re-enumeration capability: mass storage, Virtual COM port, and debug port, n=1
2021-05-31 01:08:32,687 [WARN] DbBoardsPdsc:254 - Board NUCLEO-WB15CC: unknown feature type=, name=, username=Comprehensive free software libraries and examples available with the STM32CubeWB MCU Package, n=1
2021-05-31 01:08:32,687 [WARN] DbBoardsPdsc:254 - Board NUCLEO-WB15CC: unknown feature type=, name=, username=Support of a wide choice of Integrated Development Environments (IDEs) including IAR Embedded Workbench, MDK-ARM, STM32CubeIDE, and Mbed Studio, n=1
2021-05-31 01:08:32,688 [WARN] DbBoardsPdsc:254 - Board STM32H7B3I-DK: unknown feature type=Audio, name=, username=Audio stereo codec with Headphone Amp (CS42L51-CNZ), n=1
2021-05-31 01:08:32,689 [WARN] DbBoardsPdsc:254 - Board STM32H735G-DK: unknown feature type=Audio, name=, username=Audio stereo codec with Headphone Amp (WM8994ECS/R), n=1
2021-05-31 01:08:32,689 [WARN] DbBoardsPdsc:254 - Board STM32WB5MM-DK: unknown feature type=, name=, username=Time-of-Flight and gesture-detection sensor, n=1
2021-05-31 01:08:32,689 [WARN] DbBoardsPdsc:254 - Board STM32WB5MM-DK: unknown feature type=, name=, username=3 push-buttons (2 users and 1 reset) and 1 touch key button, n=1
2021-05-31 01:08:32,689 [WARN] DbBoardsPdsc:254 - Board STM32WB5MM-DK: unknown feature type=, name=, username=Flexible power-supply options: ST-LINK/V2-1 USB connector, 5 V delivered by ARDUINO速 or external connector, USB charger, or USB power, n=1
2021-05-31 01:08:32,689 [WARN] DbBoardsPdsc:254 - Board STM32WB5MM-DK: unknown feature type=, name=, username=On-board ST-LINK/V2-1 debugger/programmer with USB re-enumeration capability: Virtual COM port and debug port, n=1
2021-05-31 01:08:32,689 [WARN] DbBoardsPdsc:254 - Board STM32WB5MM-DK: unknown feature type=, name=, username=Comprehensive free software libraries and examples available with the STM32CubeWB MCU Package, n=1
2021-05-31 01:08:32,689 [WARN] DbBoardsPdsc:254 - Board STM32WB5MM-DK: unknown feature type=, name=, username=Support of a wide choice of Integrated Development Environments (IDEs) including IAR Embedded Workbench速, MDK-ARM, and STM32CubeIDE, n=1
2021-05-31 01:08:32,690 [WARN] DbBoardsPdsc:254 - Board STM32H7B3I-EVAL: unknown feature type=Audio, name=, username=Multi-Channel Audio Codec (CS42L51-CNZ), n=1
2021-05-31 01:08:32,690 [WARN] DbBoardsPdsc:254 - Board STM32H7B3I-EVAL: unknown feature type=Meter, name=, username=Power-metering and Temperature-monitoring with sigma-delta modulators, n=1
2021-05-31 01:08:32,690 [WARN] DbBoardsPdsc:254 - Board STM32H7B3I-EVAL: unknown feature type=Motor, name=, username=Motor Control, n=1
2021-05-31 01:08:32,703 [INFO] DbBoardsJson:87 - JSON generation date=Thu Feb 04 13:53:45 BRT 2021 (1612457625)
2021-05-31 01:08:32,708 [INFO] DbBoards:117 - Found 161 boards (158 are supported by CubeMX)
2021-05-31 01:08:32,717 [INFO] DbBoardsDocs:143 - JSON generation date=Mon Feb 08 10:35:07 BRT 2021 (1612791307)
2021-05-31 01:08:32,735 [INFO] DbBoardsDocs:79 - Found 193 boards documents
2021-05-31 01:08:32,736 [WARN] DbBoards:127 - board B-L462E-CELL1 has no document id list !
2021-05-31 01:08:32,736 [WARN] DbBoards:127 - board B-L475E-IOT01A2 has no document id list !
2021-05-31 01:08:32,737 [WARN] DbBoards:127 - board NUCLEO-G0B1RE has no document id list !
2021-05-31 01:08:32,737 [WARN] DbBoards:127 - board NUCLEO-H743ZI2 has no document id list !
2021-05-31 01:08:32,737 [WARN] DbBoards:127 - board NUCLEO-L4A6ZG has no document id list !
2021-05-31 01:08:32,737 [WARN] DbBoards:127 - board NUCLEO-WB15CC has no document id list !
2021-05-31 01:08:32,737 [WARN] DbBoards:127 - board NUCLEO-WB55RG has no document id list !
2021-05-31 01:08:32,737 [WARN] DbBoards:127 - board NUCLEO-WL55JC2 has no document id list !
2021-05-31 01:08:32,738 [WARN] DbBoards:127 - board P-NUCLEO-WB55-Nucleo has no document id list !
2021-05-31 01:08:32,738 [WARN] DbBoards:127 - board P-NUCLEO-WB55-USBDongle has no document id list !
2021-05-31 01:08:32,738 [WARN] DbBoards:127 - board STEVAL-BFA001V1B has no document id list !
2021-05-31 01:08:32,738 [WARN] DbBoards:127 - board STEVAL-BFA001V2B has no document id list !
2021-05-31 01:08:32,738 [WARN] DbBoards:127 - board STEVAL-IDP005V1 has no document id list !
2021-05-31 01:08:32,738 [WARN] DbBoards:127 - board STEVAL-IDP005V2 has no document id list !
2021-05-31 01:08:32,738 [WARN] DbBoards:127 - board STEVAL-MKSBOX1V1 has no document id list !
2021-05-31 01:08:32,738 [WARN] DbBoards:127 - board STEVAL-STWINKT1 has no document id list !
2021-05-31 01:08:32,738 [WARN] DbBoards:127 - board STEVAL-STWINKT1B has no document id list !
2021-05-31 01:08:32,738 [WARN] DbBoards:127 - board STM32F401C-DISCO has no document id list !
2021-05-31 01:08:32,739 [WARN] DbBoards:127 - board STM32F769I-DISC1 has no document id list !
2021-05-31 01:08:32,739 [WARN] DbBoards:127 - board STM32G0C1E-EV has no document id list !
2021-05-31 01:08:32,739 [WARN] DbBoards:127 - board STM32G474E-EVAL1 has no document id list !
2021-05-31 01:08:32,739 [WARN] DbBoards:127 - board STM32H743I-EVAL2 has no document id list !
2021-05-31 01:08:32,739 [WARN] DbBoards:127 - board STM32H747I-DISC1 has no document id list !
2021-05-31 01:08:32,739 [WARN] DbBoards:127 - board STM32H753I-EVAL2 has no document id list !
2021-05-31 01:08:32,739 [WARN] DbBoards:127 - board STM32L-DISCOVERY has no document id list !
2021-05-31 01:08:32,740 [WARN] DbBoards:127 - board STM32MP157A-DK1 has no document id list !
2021-05-31 01:08:32,740 [WARN] DbBoards:127 - board STM32MP157F-DK2 has no document id list !
2021-05-31 01:08:32,740 [WARN] DbBoards:127 - board STM32MP157F-EV1 has no document id list !
2021-05-31 01:08:32,740 [WARN] DbBoards:127 - board STM32WB5MM-DK has no document id list !
2021-05-31 01:08:34,216 [INFO] ApiDb:251 - Load user favorites file C:\Users\Nelson Lima/.stm32cubeide/favorites.boards.txt: 0 item(s)
2021-05-31 01:08:34,216 [INFO] ApiDb:255 - User favorites Boards=[]
2021-05-31 01:08:34,216 [INFO] DbBoards:206 - Set 0 / 0 favorites Boards
2021-05-31 01:08:34,232 [INFO] DbBoardsDocs:79 - Found 386 boards documents
2021-05-31 01:08:34,232 [INFO] ApiDb:276 - Save user favorites file C:\Users\Nelson Lima/.stm32cubeide/favorites.boards.txt: 0 item(s)
2021-05-31 01:08:34,232 [INFO] ApiDb:280 - User favorites Boards=[]
2021-05-31 01:08:34,235 [INFO] DbBoardsPdsc:90 - Found 24 items
2021-05-31 01:08:34,236 [INFO] DbBoardsPdsc:90 - Found 9 items
2021-05-31 01:08:34,239 [INFO] DbBoardsPdsc:90 - Found 33 items
2021-05-31 01:08:34,240 [INFO] DbBoardsPdsc:90 - Found 1 items
2021-05-31 01:08:34,244 [INFO] DbBoardsPdsc:90 - Found 46 items
2021-05-31 01:08:34,249 [INFO] DbBoardsPdsc:90 - Found 41 items
2021-05-31 01:08:34,250 [INFO] DbBoardsPdsc:90 - Found 2 items
2021-05-31 01:08:34,252 [INFO] DbBoardsPdsc:90 - Found 5 items
2021-05-31 01:08:34,252 [WARN] DbBoardsPdsc:254 - Board NUCLEO-WB15CC: unknown feature type=, name=, username=Three user LEDs, n=1
2021-05-31 01:08:34,252 [WARN] DbBoardsPdsc:254 - Board NUCLEO-WB15CC: unknown feature type=, name=, username=One reset and three user push-buttons, n=1
2021-05-31 01:08:34,253 [WARN] DbBoardsPdsc:254 - Board NUCLEO-WB15CC: unknown feature type=, name=, username=Arduino Uno V3 expansion connector, n=1
2021-05-31 01:08:34,253 [WARN] DbBoardsPdsc:254 - Board NUCLEO-WB15CC: unknown feature type=, name=, username=ST morpho extension pin headers for full access to all STM32WB I/Os, n=1
2021-05-31 01:08:34,253 [WARN] DbBoardsPdsc:254 - Board NUCLEO-WB15CC: unknown feature type=, name=, username=Integrated PCB antenna and SMA connector footprint, n=1
2021-05-31 01:08:34,253 [WARN] DbBoardsPdsc:254 - Board NUCLEO-WB15CC: unknown feature type=, name=, username=Flexible power-supply options: ST-LINK, USB VBUS, or external sources, n=1
2021-05-31 01:08:34,253 [WARN] DbBoardsPdsc:254 - Board NUCLEO-WB15CC: unknown feature type=, name=, username=On-board footprint to mount a CR2032 battery socket, n=1
2021-05-31 01:08:34,253 [WARN] DbBoardsPdsc:254 - Board NUCLEO-WB15CC: unknown feature type=, name=, username=On-board ST-LINK/V2-1 debugger/programmer with USB re-enumeration capability: mass storage, Virtual COM port, and debug port, n=1
2021-05-31 01:08:34,253 [WARN] DbBoardsPdsc:254 - Board NUCLEO-WB15CC: unknown feature type=, name=, username=Comprehensive free software libraries and examples available with the STM32CubeWB MCU Package, n=1
2021-05-31 01:08:34,253 [WARN] DbBoardsPdsc:254 - Board NUCLEO-WB15CC: unknown feature type=, name=, username=Support of a wide choice of Integrated Development Environments (IDEs) including IAR Embedded Workbench, MDK-ARM, STM32CubeIDE, and Mbed Studio, n=1
2021-05-31 01:08:34,254 [WARN] DbBoardsPdsc:254 - Board STM32H7B3I-DK: unknown feature type=Audio, name=, username=Audio stereo codec with Headphone Amp (CS42L51-CNZ), n=1
2021-05-31 01:08:34,254 [WARN] DbBoardsPdsc:254 - Board STM32H735G-DK: unknown feature type=Audio, name=, username=Audio stereo codec with Headphone Amp (WM8994ECS/R), n=1
2021-05-31 01:08:34,254 [WARN] DbBoardsPdsc:254 - Board STM32WB5MM-DK: unknown feature type=, name=, username=Time-of-Flight and gesture-detection sensor, n=1
2021-05-31 01:08:34,254 [WARN] DbBoardsPdsc:254 - Board STM32WB5MM-DK: unknown feature type=, name=, username=3 push-buttons (2 users and 1 reset) and 1 touch key button, n=1
2021-05-31 01:08:34,254 [WARN] DbBoardsPdsc:254 - Board STM32WB5MM-DK: unknown feature type=, name=, username=Flexible power-supply options: ST-LINK/V2-1 USB connector, 5 V delivered by ARDUINO速 or external connector, USB charger, or USB power, n=1
2021-05-31 01:08:34,254 [WARN] DbBoardsPdsc:254 - Board STM32WB5MM-DK: unknown feature type=, name=, username=On-board ST-LINK/V2-1 debugger/programmer with USB re-enumeration capability: Virtual COM port and debug port, n=1
2021-05-31 01:08:34,254 [WARN] DbBoardsPdsc:254 - Board STM32WB5MM-DK: unknown feature type=, name=, username=Comprehensive free software libraries and examples available with the STM32CubeWB MCU Package, n=1
2021-05-31 01:08:34,254 [WARN] DbBoardsPdsc:254 - Board STM32WB5MM-DK: unknown feature type=, name=, username=Support of a wide choice of Integrated Development Environments (IDEs) including IAR Embedded Workbench速, MDK-ARM, and STM32CubeIDE, n=1
2021-05-31 01:08:34,255 [WARN] DbBoardsPdsc:254 - Board STM32H7B3I-EVAL: unknown feature type=Audio, name=, username=Multi-Channel Audio Codec (CS42L51-CNZ), n=1
2021-05-31 01:08:34,255 [WARN] DbBoardsPdsc:254 - Board STM32H7B3I-EVAL: unknown feature type=Meter, name=, username=Power-metering and Temperature-monitoring with sigma-delta modulators, n=1
2021-05-31 01:08:34,255 [WARN] DbBoardsPdsc:254 - Board STM32H7B3I-EVAL: unknown feature type=Motor, name=, username=Motor Control, n=1
2021-05-31 01:08:34,269 [INFO] DbBoardsJson:87 - JSON generation date=Thu Feb 04 13:53:45 BRT 2021 (1612457625)
2021-05-31 01:08:34,273 [INFO] DbBoards:117 - Found 161 boards (158 are supported by CubeMX)
2021-05-31 01:08:34,273 [WARN] DbBoards:127 - board B-L462E-CELL1 has no document id list !
2021-05-31 01:08:34,273 [WARN] DbBoards:127 - board B-L475E-IOT01A2 has no document id list !
2021-05-31 01:08:34,273 [WARN] DbBoards:127 - board NUCLEO-G0B1RE has no document id list !
2021-05-31 01:08:34,273 [WARN] DbBoards:127 - board NUCLEO-H743ZI2 has no document id list !
2021-05-31 01:08:34,274 [WARN] DbBoards:127 - board NUCLEO-L4A6ZG has no document id list !
2021-05-31 01:08:34,274 [WARN] DbBoards:127 - board NUCLEO-WB15CC has no document id list !
2021-05-31 01:08:34,274 [WARN] DbBoards:127 - board NUCLEO-WB55RG has no document id list !
2021-05-31 01:08:34,274 [WARN] DbBoards:127 - board NUCLEO-WL55JC2 has no document id list !
2021-05-31 01:08:34,274 [WARN] DbBoards:127 - board P-NUCLEO-WB55-Nucleo has no document id list !
2021-05-31 01:08:34,274 [WARN] DbBoards:127 - board P-NUCLEO-WB55-USBDongle has no document id list !
2021-05-31 01:08:34,274 [WARN] DbBoards:127 - board STEVAL-BFA001V1B has no document id list !
2021-05-31 01:08:34,274 [WARN] DbBoards:127 - board STEVAL-BFA001V2B has no document id list !
2021-05-31 01:08:34,274 [WARN] DbBoards:127 - board STEVAL-IDP005V1 has no document id list !
2021-05-31 01:08:34,274 [WARN] DbBoards:127 - board STEVAL-IDP005V2 has no document id list !
2021-05-31 01:08:34,274 [WARN] DbBoards:127 - board STEVAL-MKSBOX1V1 has no document id list !
2021-05-31 01:08:34,274 [WARN] DbBoards:127 - board STEVAL-STWINKT1 has no document id list !
2021-05-31 01:08:34,274 [WARN] DbBoards:127 - board STEVAL-STWINKT1B has no document id list !
2021-05-31 01:08:34,274 [WARN] DbBoards:127 - board STM32F401C-DISCO has no document id list !
2021-05-31 01:08:34,274 [WARN] DbBoards:127 - board STM32F769I-DISC1 has no document id list !
2021-05-31 01:08:34,274 [WARN] DbBoards:127 - board STM32G0C1E-EV has no document id list !
2021-05-31 01:08:34,274 [WARN] DbBoards:127 - board STM32G474E-EVAL1 has no document id list !
2021-05-31 01:08:34,275 [WARN] DbBoards:127 - board STM32H743I-EVAL2 has no document id list !
2021-05-31 01:08:34,275 [WARN] DbBoards:127 - board STM32H747I-DISC1 has no document id list !
2021-05-31 01:08:34,275 [WARN] DbBoards:127 - board STM32H753I-EVAL2 has no document id list !
2021-05-31 01:08:34,275 [WARN] DbBoards:127 - board STM32L-DISCOVERY has no document id list !
2021-05-31 01:08:34,275 [WARN] DbBoards:127 - board STM32MP157A-DK1 has no document id list !
2021-05-31 01:08:34,275 [WARN] DbBoards:127 - board STM32MP157F-DK2 has no document id list !
2021-05-31 01:08:34,275 [WARN] DbBoards:127 - board STM32MP157F-EV1 has no document id list !
2021-05-31 01:08:34,275 [WARN] DbBoards:127 - board STM32WB5MM-DK has no document id list !
2021-05-31 01:08:35,312 [INFO] ApiDb:251 - Load user favorites file C:\Users\Nelson Lima/.stm32cubeide/favorites.boards.txt: 0 item(s)
2021-05-31 01:08:35,312 [INFO] ApiDb:255 - User favorites Boards=[]
2021-05-31 01:08:35,312 [INFO] DbBoards:206 - Set 0 / 0 favorites Boards
2021-05-31 01:08:35,498 [INFO] ApiDb:479 - Connected to CubeFinder SQLite database (C:\Users\Nelson Lima\.stmcufinder\plugins\mcufinder\mcu\cube-finder-db.db)
2021-05-31 01:08:36,034 [INFO] DbExamplesSqlite:401 - Ignored 36 examples not supported by CubeIDE
2021-05-31 01:08:36,035 [INFO] DbExamplesSqlite:402 - Found 4835 examples active
2021-05-31 01:08:36,035 [INFO] DbExamplesSqlite:403 - Found 274 examples obsolete
2021-05-31 01:08:36,035 [INFO] DbExamplesSqlite:404 - Found 0 examples under development
2021-05-31 01:08:36,035 [INFO] DbExamplesSqlite:405 - Found 76 examples not building
2021-05-31 01:08:36,053 [INFO] DbExamplesSqlite:104 - CubeFinder database Data Model version=2.1
2021-05-31 01:08:36,053 [INFO] DbExamplesSqlite:105 - CubeFinder database Configuration version=3.0-WIP12
2021-05-31 01:08:36,054 [INFO] DbExamplesSqlite:106 - CubeFinder database generation date=2021-05-10 (1620656699)
2021-05-31 01:08:36,054 [INFO] DbExamplesSqlite:107 - CubeFinder database FW Pack versions=[STM32Cube_FW_F4_V1.26.1, STM32Cube_FW_F7_V1.16.1, STM32Cube_FW_G0_V1.4.1, STM32Cube_FW_G4_V1.4.0, STM32Cube_FW_H7_V1.9.0, STM32Cube_FW_L5_V1.4.0, STM32Cube_FW_WB_V1.11.1, STM32Cube_FW_WL_V1.0.0, X-CUBE-AZRTOS-H7_V1.0.0, X-CUBE-BLE1_V6.2.0, X-CUBE-BLE2_V3.2.0, X-CUBE-GNSS1_V5.2.0]
2021-05-31 01:08:36,054 [INFO] DbExamples:130 - Found 4875 examples
2021-05-31 01:08:36,593 [ERROR] DbExamples:206 - Found 301 examples with invalid data (board or MCU)
2021-05-31 01:08:36,593 [INFO] DbExamples:222 - Found 63 boards with related examples
2021-05-31 01:08:36,602 [INFO] DbExamples:235 - Found 52 MCUs with related examples
2021-05-31 01:08:36,615 [INFO] ApiDb:242 - User favorites file not found: C:\Users\Nelson Lima/.stm32cubeide/favorites.examples.txt
2021-05-31 01:08:36,615 [INFO] DbExamples:256 - Set 0 / 0 favorites Examples
2021-05-31 01:08:36,932 [INFO] CrossSelectorPresenter:1330 - Cross Selector saved comparison directory: C:\Users\Nelson Lima\.stmcufinder\plugins\mcufinder\mcu\cs_comparisons_mx
2021-05-31 01:08:36,937 [INFO] MultiScanPanel:200 - Auto-refresh data requested => check proxy status ongoing
2021-05-31 01:08:36,939 [INFO] FinderPluginLoader:87 - Searching for filters in installed packs
2021-05-31 01:08:37,435 [WARN] DetailPanel:315 - Failed to get advertising image, set to default
2021-05-31 01:50:34,293 [INFO] MainUpdater:2661 - connection check result : 10
2021-05-31 01:50:34,293 [INFO] MainUpdater:2661 - connection check result : 10
2021-05-31 01:50:34,340 [INFO] MicroXplorer:442 - Change Database Path : 
2021-05-31 01:50:34,340 [INFO] MicroXplorer:472 - Change Database Version : DB.6.0.21
2021-05-31 01:50:34,341 [WARN] ThirdParty:796 - waiting for thirdparty lock release [close project]
2021-05-31 01:50:34,341 [INFO] ThirdParty:798 - entering critical section [close project]
2021-05-31 01:50:34,341 [INFO] ThirdParty:809 - exiting critical section [close project]
2021-05-31 01:50:34,344 [INFO] PinOutPanel:1435 - setPackage(No Configuration,No Configuration)
2021-05-31 01:50:34,345 [INFO] UtilMem:74 - Begin LoadConfig() Used Memory: 546062064 Bytes (773849088)
2021-05-31 01:50:34,346 [INFO] MicroXplorer:442 - Change Database Path : 
2021-05-31 01:50:34,347 [INFO] MicroXplorer:472 - Change Database Version : DB.6.0.21
2021-05-31 01:50:34,347 [INFO] OpenFileManager:303 - Change cursor
2021-05-31 01:50:34,360 [WARN] IntegrityCheckThread:59 - waiting for thirdparty lock release [integrity check]
2021-05-31 01:50:34,360 [INFO] IntegrityCheckThread:61 - entering critical section [integrity check]
2021-05-31 01:50:34,470 [WARN] PackLoader:226 - Cannot read IP mode file for RoweBots.I-CUBE-UNISONRTOS.5.5.0-4
2021-05-31 01:50:34,504 [WARN] PackLoader:226 - Cannot read IP mode file for STMicroelectronics.X-CUBE-SFXS2LP1.3.0.0
2021-05-31 01:50:34,525 [WARN] ConditionMgr:437 - getConditionDescription Invalid condition id : SIGFOX STM32 LIB Condition cause : null
2021-05-31 01:50:34,526 [WARN] ConditionMgr:437 - getConditionDescription Invalid condition id : Sigfox Third Party LIB Condition cause : null
2021-05-31 01:50:34,529 [WARN] PackLoader:226 - Cannot read IP mode file for STMicroelectronics.X-CUBE-SFXS2LP1.2.0.0
2021-05-31 01:50:34,529 [WARN] ConditionMgr:1040 - genDependencies : Invalid condition id : SIGFOX STM32 LIB Condition cause : null
2021-05-31 01:50:34,530 [WARN] ConditionMgr:1040 - genDependencies : Invalid condition id : Sigfox Third Party LIB Condition cause : null
2021-05-31 01:50:34,532 [WARN] ConditionMgr:1040 - genDependencies : Invalid condition id : Sigfox Third Party LIB Condition cause : null
2021-05-31 01:50:34,533 [WARN] ConditionMgr:1040 - genDependencies : Invalid condition id : SIGFOX STM32 LIB Condition cause : null
2021-05-31 01:50:34,533 [WARN] ConditionMgr:1040 - genDependencies : Invalid condition id : SIGFOX STM32 LIB Condition cause : null
2021-05-31 01:50:34,533 [WARN] ConditionMgr:1040 - genDependencies : Invalid condition id : Sigfox Third Party LIB Condition cause : null
2021-05-31 01:50:34,560 [WARN] PackLoader:226 - Cannot read IP mode file for STMicroelectronics.X-CUBE-SUBG2.4.1.0
2021-05-31 01:50:34,627 [WARN] PackLoader:226 - Cannot read IP mode file for STMicroelectronics.X-CUBE-MEMS1.8.2.0
2021-05-31 01:50:34,751 [WARN] PackLoader:226 - Cannot read IP mode file for STMicroelectronics.X-CUBE-EEPRMA1.3.0.0
2021-05-31 01:50:34,763 [WARN] PackLoader:226 - Cannot read IP mode file for STMicroelectronics.X-CUBE-ALGOBUILD.1.1.0
2021-05-31 01:50:34,816 [WARN] PackLoader:226 - Cannot read IP mode file for SEGGER.I-CUBE-embOS.1.2.0
2021-05-31 01:50:34,860 [WARN] PackLoader:226 - Cannot read IP mode file for STMicroelectronics.X-CUBE-GNSS1.5.1.0
2021-05-31 01:50:34,870 [WARN] PackLoader:226 - Cannot read IP mode file for STMicroelectronics.X-CUBE-BLE1.6.2.0
2021-05-31 01:50:34,880 [WARN] PackLoader:226 - Cannot read IP mode file for STMicroelectronics.X-CUBE-TOUCHGFX.4.15.0
2021-05-31 01:50:34,889 [WARN] PackLoader:226 - Cannot read IP mode file for STMicroelectronics.X-CUBE-NFC4.2.0.2
2021-05-31 01:50:34,900 [WARN] PackLoader:226 - Cannot read IP mode file for STMicroelectronics.X-CUBE-NFC4.2.0.1
2021-05-31 01:50:34,909 [WARN] PackLoader:226 - Cannot read IP mode file for STMicroelectronics.X-CUBE-BLE2.3.2.0
2021-05-31 01:50:34,927 [WARN] PackLoader:226 - Cannot read IP mode file for STMicroelectronics.X-CUBE-SUBG2.3.0.1
2021-05-31 01:50:34,944 [WARN] PackLoader:226 - Cannot read IP mode file for STMicroelectronics.X-CUBE-SUBG2.3.0.0
2021-05-31 01:50:34,963 [WARN] PackLoader:226 - Cannot read IP mode file for STMicroelectronics.X-CUBE-SUBG2.4.0.0
2021-05-31 01:50:34,976 [WARN] PackLoader:226 - Cannot read IP mode file for STMicroelectronics.X-CUBE-TOF1.1.0.0
2021-05-31 01:50:35,006 [WARN] PackLoader:226 - Cannot read IP mode file for STMicroelectronics.X-CUBE-AZRTOS-H7.1.0.0
2021-05-31 01:50:35,050 [WARN] PackLoader:226 - Cannot read IP mode file for STMicroelectronics.X-CUBE-MEMS1.8.3.0
2021-05-31 01:50:35,158 [WARN] PackLoader:226 - Cannot read IP mode file for STMicroelectronics.X-CUBE-DISPLAY.1.0.0
2021-05-31 01:50:35,166 [WARN] PackLoader:226 - Cannot read IP mode file for STMicroelectronics.X-CUBE-AI.6.0.0
2021-05-31 01:50:35,176 [WARN] PackLoader:226 - Cannot read IP mode file for STMicroelectronics.X-CUBE-ALGOBUILD.1.2.0
2021-05-31 01:50:35,190 [WARN] PackLoader:226 - Cannot read IP mode file for STMicroelectronics.X-CUBE-GNSS1.5.2.0
2021-05-31 01:50:35,200 [WARN] PackLoader:226 - Cannot read IP mode file for STMicroelectronics.X-CUBE-BLE1.6.1.0
2021-05-31 01:50:35,209 [WARN] PackLoader:226 - Cannot read IP mode file for wolfSSL.I-CUBE-wolfSSL.4.7.0
2021-05-31 01:50:35,219 [WARN] PackLoader:226 - Cannot read IP mode file for STMicroelectronics.X-CUBE-TOUCHGFX.4.16.1
2021-05-31 01:50:35,227 [WARN] PackLoader:226 - Cannot read IP mode file for STMicroelectronics.X-CUBE-AI.5.2.0
2021-05-31 01:50:35,236 [WARN] PackLoader:226 - Cannot read IP mode file for STMicroelectronics.X-CUBE-TOUCHGFX.4.16.0
2021-05-31 01:50:35,245 [WARN] PackLoader:226 - Cannot read IP mode file for STMicroelectronics.X-CUBE-BLE2.3.1.0
2021-05-31 01:50:35,248 [INFO] ThirdParty:900 - Integrity check success = true
2021-05-31 01:50:35,248 [INFO] IntegrityCheckThread:75 - exiting critical section [integrity check]
2021-05-31 01:50:35,249 [INFO] IntegrityCheckThread:78 - End integrity checks thread
2021-05-31 01:50:36,514 [INFO] Context:587 - Trying to add GPIOservice into a context  which must be forbidden
2021-05-31 01:50:36,803 [INFO] ImportTextPane:162 - (OptionalMessage_ERROR) Unable to find key (Mcu.ThirdPartyNb) in loaded IOC file
2021-05-31 01:50:36,804 [INFO] ImportTextPane:162 - (OptionalMessage_ERROR) Unable to find key (Mcu.PinsNb) in loaded IOC file
2021-05-31 01:50:36,804 [INFO] ImportTextPane:162 - (OptionalMessage_ERROR) Unable to find key (Mcu.IPNb) in loaded IOC file
2021-05-31 01:50:36,856 [WARN] ApiManager:294 - Cannot register API 'Board Extension:S2868A1' from pack STMicroelectronics.X-CUBE-SFXS2LP1.3.0.0: no header file found
2021-05-31 01:50:36,856 [WARN] ApiManager:294 - Cannot register API 'Board Extension:S2868A2' from pack STMicroelectronics.X-CUBE-SFXS2LP1.3.0.0: no header file found
2021-05-31 01:50:36,856 [WARN] ApiManager:294 - Cannot register API 'Board Extension:S2915A1' from pack STMicroelectronics.X-CUBE-SFXS2LP1.3.0.0: no header file found
2021-05-31 01:50:36,861 [WARN] ApiManager:294 - Cannot register API 'Board Extension:S2868A1' from pack STMicroelectronics.X-CUBE-SUBG2.3.0.1: no header file found
2021-05-31 01:50:36,861 [WARN] ApiManager:294 - Cannot register API 'Board Extension:S2868A2' from pack STMicroelectronics.X-CUBE-SUBG2.3.0.1: no header file found
2021-05-31 01:50:36,861 [WARN] ApiManager:294 - Cannot register API 'Board Extension:S2915A1' from pack STMicroelectronics.X-CUBE-SUBG2.3.0.1: no header file found
2021-05-31 01:50:36,866 [WARN] ApiManager:294 - Cannot register API 'Board Extension:S2868A1' from pack STMicroelectronics.X-CUBE-SUBG2.3.0.0: no header file found
2021-05-31 01:50:36,866 [WARN] ApiManager:294 - Cannot register API 'Board Extension:S2868A2' from pack STMicroelectronics.X-CUBE-SUBG2.3.0.0: no header file found
2021-05-31 01:50:36,866 [WARN] ApiManager:294 - Cannot register API 'Board Extension:S2915A1' from pack STMicroelectronics.X-CUBE-SUBG2.3.0.0: no header file found
2021-05-31 01:50:36,870 [WARN] ModelIntegratedComponent:51 - No mode defined for component null
2021-05-31 01:50:36,871 [WARN] ModelIntegratedComponent:51 - No mode defined for component null
2021-05-31 01:50:36,871 [WARN] ModelIntegratedComponent:51 - No mode defined for component null
2021-05-31 01:50:36,871 [WARN] ModelIntegratedComponent:51 - No mode defined for component null
2021-05-31 01:50:36,871 [WARN] ModelIntegratedComponent:51 - No mode defined for component null
2021-05-31 01:50:36,871 [WARN] ModelIntegratedComponent:51 - No mode defined for component null
2021-05-31 01:50:36,871 [WARN] ModelIntegratedComponent:51 - No mode defined for component null
2021-05-31 01:50:36,871 [WARN] ModelIntegratedComponent:51 - No mode defined for component null
2021-05-31 01:50:36,871 [WARN] ModelIntegratedComponent:51 - No mode defined for component null
2021-05-31 01:50:36,871 [WARN] ModelIntegratedComponent:51 - No mode defined for component null
2021-05-31 01:50:36,871 [WARN] ModelIntegratedComponent:51 - No mode defined for component null
2021-05-31 01:50:36,871 [WARN] ModelIntegratedComponent:51 - No mode defined for component null
2021-05-31 01:50:36,871 [WARN] ModelIntegratedComponent:51 - No mode defined for component null
2021-05-31 01:50:36,871 [WARN] ModelIntegratedComponent:51 - No mode defined for component null
2021-05-31 01:50:36,872 [WARN] ModelIntegratedComponent:51 - No mode defined for component null
2021-05-31 01:50:36,872 [WARN] ModelIntegratedComponent:51 - No mode defined for component null
2021-05-31 01:50:36,872 [WARN] ModelIntegratedComponent:51 - No mode defined for component null
2021-05-31 01:50:36,872 [WARN] ModelIntegratedComponent:51 - No mode defined for component null
2021-05-31 01:50:36,872 [WARN] ModelIntegratedComponent:51 - No mode defined for component null
2021-05-31 01:50:36,872 [WARN] ModelIntegratedComponent:51 - No mode defined for component null
2021-05-31 01:50:36,872 [WARN] ModelIntegratedComponent:51 - No mode defined for component null
2021-05-31 01:50:36,872 [WARN] ModelIntegratedComponent:51 - No mode defined for component null
2021-05-31 01:50:36,872 [WARN] ModelIntegratedComponent:51 - No mode defined for component null
2021-05-31 01:50:36,872 [WARN] ModelIntegratedComponent:51 - No mode defined for component null
2021-05-31 01:50:36,873 [WARN] ModelIntegratedComponent:51 - No mode defined for component null
2021-05-31 01:50:36,873 [WARN] ModelIntegratedComponent:51 - No mode defined for component null
2021-05-31 01:50:36,873 [WARN] ModelIntegratedComponent:51 - No mode defined for component null
2021-05-31 01:50:36,876 [WARN] ApiManager:294 - Cannot register API 'Board Extension:S2868A1' from pack STMicroelectronics.X-CUBE-SFXS2LP1.2.0.0: no header file found
2021-05-31 01:50:36,876 [WARN] ApiManager:294 - Cannot register API 'Board Extension:S2868A2' from pack STMicroelectronics.X-CUBE-SFXS2LP1.2.0.0: no header file found
2021-05-31 01:50:36,876 [WARN] ApiManager:294 - Cannot register API 'Board Extension:S2915A1' from pack STMicroelectronics.X-CUBE-SFXS2LP1.2.0.0: no header file found
2021-05-31 01:50:36,879 [WARN] ApiManager:294 - Cannot register API 'Board Extension:S2868A1' from pack STMicroelectronics.X-CUBE-SUBG2.4.1.0: no header file found
2021-05-31 01:50:36,879 [WARN] ApiManager:294 - Cannot register API 'Board Extension:S2868A2' from pack STMicroelectronics.X-CUBE-SUBG2.4.1.0: no header file found
2021-05-31 01:50:36,879 [WARN] ApiManager:294 - Cannot register API 'Board Extension:S2915A1' from pack STMicroelectronics.X-CUBE-SUBG2.4.1.0: no header file found
2021-05-31 01:50:36,883 [WARN] ApiManager:294 - Cannot register API 'Board Extension:S2868A1' from pack STMicroelectronics.X-CUBE-SUBG2.4.0.0: no header file found
2021-05-31 01:50:36,883 [WARN] ApiManager:294 - Cannot register API 'Board Extension:S2868A2' from pack STMicroelectronics.X-CUBE-SUBG2.4.0.0: no header file found
2021-05-31 01:50:36,883 [WARN] ApiManager:294 - Cannot register API 'Board Extension:S2915A1' from pack STMicroelectronics.X-CUBE-SUBG2.4.0.0: no header file found
2021-05-31 01:50:37,008 [WARN] ApiManager:294 - Cannot register API 'Board Extension:IKS01A3' from pack STMicroelectronics.X-CUBE-MEMS1.8.2.0: no header file found
2021-05-31 01:50:37,009 [WARN] ApiManager:294 - Cannot register API 'Board Extension:IKS01A2' from pack STMicroelectronics.X-CUBE-MEMS1.8.2.0: no header file found
2021-05-31 01:50:37,009 [WARN] ApiManager:294 - Cannot register API 'Board Extension:IKS02A1' from pack STMicroelectronics.X-CUBE-MEMS1.8.2.0: no header file found
2021-05-31 01:50:37,015 [WARN] ApiManager:294 - Cannot register API 'Board Extension:EEPRMA1' from pack STMicroelectronics.X-CUBE-EEPRMA1.3.0.0: no header file found
2021-05-31 01:50:37,015 [WARN] ApiManager:294 - Cannot register API 'Board Extension:EEPRMA2' from pack STMicroelectronics.X-CUBE-EEPRMA1.3.0.0: no header file found
2021-05-31 01:50:37,143 [WARN] ApiManager:294 - Cannot register API 'Board Extension:IKS01A3' from pack STMicroelectronics.X-CUBE-MEMS1.8.3.0: no header file found
2021-05-31 01:50:37,143 [WARN] ApiManager:294 - Cannot register API 'Board Extension:IKS01A2' from pack STMicroelectronics.X-CUBE-MEMS1.8.3.0: no header file found
2021-05-31 01:50:37,144 [WARN] ApiManager:294 - Cannot register API 'Board Extension:IKS02A1' from pack STMicroelectronics.X-CUBE-MEMS1.8.3.0: no header file found
2021-05-31 01:50:37,150 [INFO] RtosManager:470 - Registered RTOS mode: class=CMSIS, group=RTOS, mode=CMSIS_V1, owner=FREERTOS
2021-05-31 01:50:37,151 [INFO] RtosManager:470 - Registered RTOS mode: class=CMSIS, group=RTOS2, mode=CMSIS_V2, owner=FREERTOS
2021-05-31 01:50:37,151 [INFO] RtosManager:470 - Registered RTOS mode: class=RTOS, group=Core, mode=CMSIS_V1, owner=FREERTOS
2021-05-31 01:50:37,151 [INFO] RtosManager:470 - Registered RTOS mode: class=RTOS, group=Core, mode=CMSIS_V2, owner=FREERTOS
2021-05-31 01:50:37,151 [WARN] ModelIntegratedComponent:182 - Missing modes for component STMicroelectronics:FreeRTOS:0.0.1:STMicroelectronics:RTOS:FreeRTOS:Core:::10.2.0:
2021-05-31 01:50:37,151 [WARN] ModelIntegratedComponent:180 - Modes not found for component STMicroelectronics:USB_DEVICE:1.0.0:STMicroelectronics:USB::USB Device:Audio HS::1.0:USB_DEVICE_1_0_RESTRICTED_HS
2021-05-31 01:50:37,151 [WARN] ModelIntegratedComponent:186 - Modes not found for component STMicroelectronics:USB_DEVICE:1.0.0:STMicroelectronics:USB::USB Device:Audio HS::1.0:USB_DEVICE_1_0_RESTRICTED_HS
2021-05-31 01:50:37,152 [WARN] ModelIntegratedComponent:180 - Modes not found for component STMicroelectronics:USB_DEVICE:1.0.0:STMicroelectronics:USB::USB Device:CDC HS::1.0:USB_DEVICE_1_0_RESTRICTED_HS
2021-05-31 01:50:37,152 [WARN] ModelIntegratedComponent:186 - Modes not found for component STMicroelectronics:USB_DEVICE:1.0.0:STMicroelectronics:USB::USB Device:CDC HS::1.0:USB_DEVICE_1_0_RESTRICTED_HS
2021-05-31 01:50:37,152 [WARN] ModelIntegratedComponent:180 - Modes not found for component STMicroelectronics:USB_DEVICE:1.0.0:STMicroelectronics:USB::USB Device:DFU HS::1.0:USB_DEVICE_1_0_RESTRICTED_HS
2021-05-31 01:50:37,152 [WARN] ModelIntegratedComponent:186 - Modes not found for component STMicroelectronics:USB_DEVICE:1.0.0:STMicroelectronics:USB::USB Device:DFU HS::1.0:USB_DEVICE_1_0_RESTRICTED_HS
2021-05-31 01:50:37,152 [WARN] ModelIntegratedComponent:180 - Modes not found for component STMicroelectronics:USB_DEVICE:1.0.0:STMicroelectronics:USB::USB Device:HID HS::1.0:USB_DEVICE_1_0_RESTRICTED_HS
2021-05-31 01:50:37,152 [WARN] ModelIntegratedComponent:186 - Modes not found for component STMicroelectronics:USB_DEVICE:1.0.0:STMicroelectronics:USB::USB Device:HID HS::1.0:USB_DEVICE_1_0_RESTRICTED_HS
2021-05-31 01:50:37,152 [WARN] ModelIntegratedComponent:180 - Modes not found for component STMicroelectronics:USB_DEVICE:1.0.0:STMicroelectronics:USB::USB Device:Custom HID HS::1.0:USB_DEVICE_1_0_RESTRICTED_HS
2021-05-31 01:50:37,152 [WARN] ModelIntegratedComponent:186 - Modes not found for component STMicroelectronics:USB_DEVICE:1.0.0:STMicroelectronics:USB::USB Device:Custom HID HS::1.0:USB_DEVICE_1_0_RESTRICTED_HS
2021-05-31 01:50:37,152 [WARN] ModelIntegratedComponent:180 - Modes not found for component STMicroelectronics:USB_DEVICE:1.0.0:STMicroelectronics:USB::USB Device:MSC HS::1.0:USB_DEVICE_1_0_RESTRICTED_HS
2021-05-31 01:50:37,152 [WARN] ModelIntegratedComponent:186 - Modes not found for component STMicroelectronics:USB_DEVICE:1.0.0:STMicroelectronics:USB::USB Device:MSC HS::1.0:USB_DEVICE_1_0_RESTRICTED_HS
2021-05-31 01:50:37,158 [WARN] ApiManager:294 - Cannot register API 'Board Extension:GNSS1A1' from pack STMicroelectronics.X-CUBE-GNSS1.5.1.0: no header file found
2021-05-31 01:50:37,158 [WARN] ApiManager:294 - Cannot register API 'Board Support:Custom' from pack STMicroelectronics.X-CUBE-GNSS1.5.1.0: no header file found
2021-05-31 01:50:37,158 [WARN] ApiManager:294 - Cannot register API 'Data Exchange:lib_gnss' from pack STMicroelectronics.X-CUBE-GNSS1.5.1.0: no header file found
2021-05-31 01:50:37,158 [WARN] ApiManager:294 - Cannot register API 'Board Extension:GNSS1A1' from pack STMicroelectronics.X-CUBE-GNSS1.5.2.0: no header file found
2021-05-31 01:50:37,159 [WARN] ApiManager:294 - Cannot register API 'Board Support:Custom' from pack STMicroelectronics.X-CUBE-GNSS1.5.2.0: no header file found
2021-05-31 01:50:37,159 [WARN] ApiManager:294 - Cannot register API 'Data Exchange:lib_gnss' from pack STMicroelectronics.X-CUBE-GNSS1.5.2.0: no header file found
2021-05-31 01:50:37,159 [WARN] ApiManager:294 - Cannot register API 'Wireless:BlueNRG-MS' from pack STMicroelectronics.X-CUBE-BLE1.6.1.0: no header file found
2021-05-31 01:50:37,160 [WARN] ApiManager:294 - Cannot register API 'Wireless:BlueNRG-MS' from pack STMicroelectronics.X-CUBE-BLE1.6.2.0: no header file found
2021-05-31 01:50:37,160 [WARN] ModelIntegratedComponent:180 - Modes not found for component STMicroelectronics:USB_HOST:1.0.0:STMicroelectronics:USB::USB Host:Audio HS::1.0:USB_HOST_1_0_RESTRICTED_HS
2021-05-31 01:50:37,160 [WARN] ModelIntegratedComponent:186 - Modes not found for component STMicroelectronics:USB_HOST:1.0.0:STMicroelectronics:USB::USB Host:Audio HS::1.0:USB_HOST_1_0_RESTRICTED_HS
2021-05-31 01:50:37,160 [WARN] ModelIntegratedComponent:180 - Modes not found for component STMicroelectronics:USB_HOST:1.0.0:STMicroelectronics:USB::USB Host:CDC HS::1.0:USB_HOST_1_0_RESTRICTED_HS
2021-05-31 01:50:37,160 [WARN] ModelIntegratedComponent:186 - Modes not found for component STMicroelectronics:USB_HOST:1.0.0:STMicroelectronics:USB::USB Host:CDC HS::1.0:USB_HOST_1_0_RESTRICTED_HS
2021-05-31 01:50:37,160 [WARN] ModelIntegratedComponent:180 - Modes not found for component STMicroelectronics:USB_HOST:1.0.0:STMicroelectronics:USB::USB Host:MSC HS::1.0:USB_HOST_1_0_RESTRICTED_HS
2021-05-31 01:50:37,160 [WARN] ModelIntegratedComponent:186 - Modes not found for component STMicroelectronics:USB_HOST:1.0.0:STMicroelectronics:USB::USB Host:MSC HS::1.0:USB_HOST_1_0_RESTRICTED_HS
2021-05-31 01:50:37,160 [WARN] ModelIntegratedComponent:180 - Modes not found for component STMicroelectronics:USB_HOST:1.0.0:STMicroelectronics:USB::USB Host:HID HS::1.0:USB_HOST_1_0_RESTRICTED_HS
2021-05-31 01:50:37,160 [WARN] ModelIntegratedComponent:186 - Modes not found for component STMicroelectronics:USB_HOST:1.0.0:STMicroelectronics:USB::USB Host:HID HS::1.0:USB_HOST_1_0_RESTRICTED_HS
2021-05-31 01:50:37,160 [WARN] ModelIntegratedComponent:180 - Modes not found for component STMicroelectronics:USB_HOST:1.0.0:STMicroelectronics:USB::USB Host:MTP HS::1.0:USB_HOST_1_0_RESTRICTED_HS
2021-05-31 01:50:37,161 [WARN] ModelIntegratedComponent:186 - Modes not found for component STMicroelectronics:USB_HOST:1.0.0:STMicroelectronics:USB::USB Host:MTP HS::1.0:USB_HOST_1_0_RESTRICTED_HS
2021-05-31 01:50:37,161 [WARN] ApiManager:294 - Cannot register API 'Board Extension:NFC04A1' from pack STMicroelectronics.X-CUBE-NFC4.2.0.2: no header file found
2021-05-31 01:50:37,162 [WARN] ApiManager:294 - Cannot register API 'Board Extension:NFC04A1' from pack STMicroelectronics.X-CUBE-NFC4.2.0.1: no header file found
2021-05-31 01:50:37,163 [WARN] ApiManager:294 - Cannot register API 'Wireless:BlueNRG-2' from pack STMicroelectronics.X-CUBE-BLE2.3.1.0: no header file found
2021-05-31 01:50:37,164 [WARN] ApiManager:294 - Cannot register API 'Wireless:BlueNRG-2' from pack STMicroelectronics.X-CUBE-BLE2.3.2.0: no header file found
2021-05-31 01:50:38,637 [INFO] UtilMem:74 - End LoadConfig() Used Memory: 273087256 Bytes (773849088)
2021-05-31 01:50:38,644 [WARN] ThirdParty:762 - waiting for thirdparty lock release [change project]
2021-05-31 01:50:38,644 [INFO] ThirdParty:764 - entering critical section [change project]
2021-05-31 01:50:38,644 [INFO] ThirdParty:952 - CMSIS Pack Vendor :RoweBots I-CUBE-UNISONRTOS 5.5.0-4
2021-05-31 01:50:38,644 [INFO] ThirdParty:952 - CMSIS Pack Vendor :STMicroelectronics X-CUBE-SFXS2LP1 3.0.0
2021-05-31 01:50:38,644 [INFO] ThirdParty:952 - CMSIS Pack Vendor :STMicroelectronics USB_HOST 2.0.0
2021-05-31 01:50:38,644 [INFO] ThirdParty:952 - CMSIS Pack Vendor :STMicroelectronics X-CUBE-SUBG2 3.0.1
2021-05-31 01:50:38,645 [INFO] ThirdParty:952 - CMSIS Pack Vendor :STMicroelectronics X-CUBE-SUBG2 3.0.0
2021-05-31 01:50:38,645 [INFO] ThirdParty:952 - CMSIS Pack Vendor :STMicroelectronics USB_DEVICE 3.0.0
2021-05-31 01:50:38,645 [INFO] ThirdParty:952 - CMSIS Pack Vendor :STMicroelectronics HAL Drivers 0.0.0
2021-05-31 01:50:38,645 [INFO] ThirdParty:952 - CMSIS Pack Vendor :STMicroelectronics MBEDTLS 2.16.2
2021-05-31 01:50:38,645 [INFO] ThirdParty:952 - CMSIS Pack Vendor :STMicroelectronics X-CUBE-SFXS2LP1 2.0.0
2021-05-31 01:50:38,646 [INFO] ThirdParty:952 - CMSIS Pack Vendor :STMicroelectronics MBEDTLS 2.14.1
2021-05-31 01:50:38,646 [INFO] ThirdParty:952 - CMSIS Pack Vendor :STMicroelectronics X-CUBE-SUBG2 4.1.0
2021-05-31 01:50:38,646 [INFO] ThirdParty:952 - CMSIS Pack Vendor :STMicroelectronics X-CUBE-SUBG2 4.0.0
2021-05-31 01:50:38,646 [INFO] ThirdParty:952 - CMSIS Pack Vendor :STMicroelectronics X-CUBE-TOF1 1.0.0
2021-05-31 01:50:38,646 [INFO] ThirdParty:952 - CMSIS Pack Vendor :STMicroelectronics X-CUBE-AZRTOS-H7 1.0.0
2021-05-31 01:50:38,647 [INFO] ThirdParty:952 - CMSIS Pack Vendor :STMicroelectronics USB_DEVICE 2.0.0
2021-05-31 01:50:38,647 [INFO] ThirdParty:952 - CMSIS Pack Vendor :STMicroelectronics X-CUBE-MEMS1 8.2.0
2021-05-31 01:50:38,647 [INFO] ThirdParty:952 - CMSIS Pack Vendor :STMicroelectronics X-CUBE-EEPRMA1 3.0.0
2021-05-31 01:50:38,647 [INFO] ThirdParty:952 - CMSIS Pack Vendor :STMicroelectronics X-CUBE-MEMS1 8.3.0
2021-05-31 01:50:38,647 [INFO] ThirdParty:952 - CMSIS Pack Vendor :STMicroelectronics X-CUBE-DISPLAY 1.0.0
2021-05-31 01:50:38,647 [INFO] ThirdParty:952 - CMSIS Pack Vendor :STMicroelectronics FreeRTOS 0.0.1
2021-05-31 01:50:38,648 [INFO] ThirdParty:952 - CMSIS Pack Vendor :STMicroelectronics USB_DEVICE 1.0.0
2021-05-31 01:50:38,648 [INFO] ThirdParty:952 - CMSIS Pack Vendor :STMicroelectronics X-CUBE-AI 6.0.0
2021-05-31 01:50:38,648 [INFO] ThirdParty:952 - CMSIS Pack Vendor :STMicroelectronics X-CUBE-ALGOBUILD 1.1.0
2021-05-31 01:50:38,648 [INFO] ThirdParty:952 - CMSIS Pack Vendor :SEGGER I-CUBE-embOS 1.2.0
2021-05-31 01:50:38,648 [INFO] ThirdParty:952 - CMSIS Pack Vendor :STMicroelectronics X-CUBE-ALGOBUILD 1.2.0
2021-05-31 01:50:38,648 [INFO] ThirdParty:952 - CMSIS Pack Vendor :STMicroelectronics X-CUBE-GNSS1 5.1.0
2021-05-31 01:50:38,649 [INFO] ThirdParty:952 - CMSIS Pack Vendor :STMicroelectronics X-CUBE-GNSS1 5.2.0
2021-05-31 01:50:38,649 [INFO] ThirdParty:952 - CMSIS Pack Vendor :STMicroelectronics X-CUBE-BLE1 6.1.0
2021-05-31 01:50:38,649 [INFO] ThirdParty:952 - CMSIS Pack Vendor :STMicroelectronics lwIP 2.0.3
2021-05-31 01:50:38,649 [INFO] ThirdParty:952 - CMSIS Pack Vendor :STMicroelectronics lwIP 2.1.2
2021-05-31 01:50:38,649 [INFO] ThirdParty:952 - CMSIS Pack Vendor :STMicroelectronics X-CUBE-BLE1 6.2.0
2021-05-31 01:50:38,649 [INFO] ThirdParty:952 - CMSIS Pack Vendor :STMicroelectronics USB_HOST 1.0.0
2021-05-31 01:50:38,649 [INFO] ThirdParty:952 - CMSIS Pack Vendor :STMicroelectronics X-CUBE-TOUCHGFX 4.15.0
2021-05-31 01:50:38,649 [INFO] ThirdParty:952 - CMSIS Pack Vendor :STMicroelectronics X-CUBE-NFC4 2.0.2
2021-05-31 01:50:38,650 [INFO] ThirdParty:952 - CMSIS Pack Vendor :STMicroelectronics X-CUBE-NFC4 2.0.1
2021-05-31 01:50:38,650 [INFO] ThirdParty:952 - CMSIS Pack Vendor :wolfSSL I-CUBE-wolfSSL 4.7.0
2021-05-31 01:50:38,650 [INFO] ThirdParty:952 - CMSIS Pack Vendor :STMicroelectronics X-CUBE-TOUCHGFX 4.16.1
2021-05-31 01:50:38,650 [INFO] ThirdParty:952 - CMSIS Pack Vendor :STMicroelectronics X-CUBE-AI 5.2.0
2021-05-31 01:50:38,650 [INFO] ThirdParty:952 - CMSIS Pack Vendor :STMicroelectronics PDM2PCM 3.1.0
2021-05-31 01:50:38,650 [INFO] ThirdParty:952 - CMSIS Pack Vendor :STMicroelectronics X-CUBE-TOUCHGFX 4.16.0
2021-05-31 01:50:38,650 [INFO] ThirdParty:952 - CMSIS Pack Vendor :STMicroelectronics PDM2PCM 3.2.0
2021-05-31 01:50:38,650 [INFO] ThirdParty:952 - CMSIS Pack Vendor :STMicroelectronics X-CUBE-BLE2 3.1.0
2021-05-31 01:50:38,650 [INFO] ThirdParty:952 - CMSIS Pack Vendor :STMicroelectronics PDM2PCM 3.3.0
2021-05-31 01:50:38,650 [INFO] ThirdParty:952 - CMSIS Pack Vendor :STMicroelectronics X-CUBE-BLE2 3.2.0
2021-05-31 01:50:38,650 [INFO] ThirdParty:770 - exiting critical section [change project]
2021-05-31 01:50:38,964 [INFO] PinOutPanel:1435 - setPackage(No Configuration,No Configuration)
2021-05-31 01:50:38,965 [INFO] PinOutPanel:1435 - setPackage(STM32F401CCUx,UFQFPN48)
2021-05-31 01:50:39,275 [INFO] UtilMem:74 - Before build in PCC Used Memory: 349633304 Bytes (773849088)
2021-05-31 01:50:39,650 [INFO] SharedServices:72 - Folder for power plug-in: C:/Users/Nelson Lima/.stm32cubemx/plugins/power
2021-05-31 01:50:39,685 [INFO] SharedServices:72 - Folder for power plug-in: C:/Users/Nelson Lima/.stm32cubemx/plugins/power
2021-05-31 01:50:39,726 [INFO] SharedServices:72 - Folder for power plug-in: C:/Users/Nelson Lima/.stm32cubemx/plugins/power
2021-05-31 01:50:39,729 [INFO] SharedServices:72 - Folder for power plug-in: C:/Users/Nelson Lima/.stm32cubemx/plugins/power
2021-05-31 01:50:39,867 [INFO] UtilMem:74 - After build in PCC Used Memory: 433519384 Bytes (773849088)
2021-05-31 01:50:39,883 [INFO] IPUIPlugin:64 - create IPUIPlugin
2021-05-31 01:50:39,884 [INFO] IPUIPlugin:64 - create IPUIPlugin
2021-05-31 01:50:39,884 [INFO] IPUIPlugin:64 - create IPUIPlugin
2021-05-31 01:50:39,884 [INFO] IPUIPlugin:64 - create IPUIPlugin
2021-05-31 01:50:39,884 [INFO] IPUIPlugin:64 - create IPUIPlugin
2021-05-31 01:50:39,884 [INFO] IPUIPlugin:64 - create IPUIPlugin
2021-05-31 01:50:39,884 [INFO] IPUIPlugin:64 - create IPUIPlugin
2021-05-31 01:50:39,884 [INFO] IPUIPlugin:64 - create IPUIPlugin
2021-05-31 01:50:39,884 [INFO] IPUIPlugin:64 - create IPUIPlugin
2021-05-31 01:50:39,884 [INFO] IPUIPlugin:64 - create IPUIPlugin
2021-05-31 01:50:39,885 [INFO] IPUIPlugin:64 - create IPUIPlugin
2021-05-31 01:50:39,885 [INFO] IPUIPlugin:64 - create IPUIPlugin
2021-05-31 01:50:39,885 [INFO] IPUIPlugin:64 - create IPUIPlugin
2021-05-31 01:50:39,885 [INFO] IPUIPlugin:64 - create IPUIPlugin
2021-05-31 01:50:39,886 [INFO] IPUIPlugin:64 - create IPUIPlugin
2021-05-31 01:50:39,886 [INFO] IPUIPlugin:64 - create IPUIPlugin
2021-05-31 01:50:39,886 [INFO] IPUIPlugin:64 - create IPUIPlugin
2021-05-31 01:50:39,886 [INFO] IPUIPlugin:64 - create IPUIPlugin
2021-05-31 01:50:39,887 [INFO] IPUIPlugin:64 - create IPUIPlugin
2021-05-31 01:50:39,887 [INFO] IPUIPlugin:64 - create IPUIPlugin
2021-05-31 01:50:39,887 [INFO] IPUIPlugin:64 - create IPUIPlugin
2021-05-31 01:50:39,887 [INFO] IPUIPlugin:64 - create IPUIPlugin
2021-05-31 01:50:39,887 [INFO] IPUIPlugin:64 - create IPUIPlugin
2021-05-31 01:50:39,888 [INFO] IPUIPlugin:64 - create IPUIPlugin
2021-05-31 01:50:39,888 [INFO] IPUIPlugin:64 - create IPUIPlugin
2021-05-31 01:50:39,888 [INFO] IPUIPlugin:64 - create IPUIPlugin
2021-05-31 01:50:39,889 [INFO] IPUIPlugin:64 - create IPUIPlugin
2021-05-31 01:50:39,889 [INFO] IPUIPlugin:64 - create IPUIPlugin
2021-05-31 01:50:39,889 [INFO] IPUIPlugin:64 - create IPUIPlugin
2021-05-31 01:50:39,889 [INFO] IPUIPlugin:64 - create IPUIPlugin
2021-05-31 01:50:39,890 [INFO] IPUIPlugin:64 - create IPUIPlugin
2021-05-31 01:50:39,890 [INFO] IPUIPlugin:64 - create IPUIPlugin
2021-05-31 01:50:39,891 [INFO] IPUIPlugin:64 - create IPUIPlugin
2021-05-31 01:50:39,891 [INFO] IPUIPlugin:64 - create IPUIPlugin
2021-05-31 01:50:39,891 [INFO] IPUIPlugin:64 - create IPUIPlugin
2021-05-31 01:50:39,892 [INFO] IPUIPlugin:64 - create IPUIPlugin
2021-05-31 01:50:39,892 [INFO] IPUIPlugin:64 - create IPUIPlugin
2021-05-31 01:50:39,949 [INFO] ApiDbMcu:458 - Load IP Config File for PDM2PCM
2021-05-31 01:50:39,974 [INFO] LogOutputStream:76 - [STDOUT_REDIRECT] toolchainItems.length=====1
2021-05-31 01:50:40,058 [INFO] OpenFileManager:323 - Restore cursor
2021-05-31 01:50:40,358 [INFO] UtilMem:74 - End SaveConfig() Used Memory: 507722008 Bytes (773849088)
2021-05-31 01:50:40,406 [INFO] UtilMem:74 - End SaveConfig() Used Memory: 516356888 Bytes (773849088)
2021-05-31 01:50:40,653 [INFO] BlockDiagram:2735 - set Specific Code input for plugin: NVIC
2021-05-31 01:50:40,653 [INFO] BlockDiagram:2735 - set Specific Code input for plugin: SYS
2021-05-31 01:50:40,653 [INFO] BlockDiagram:2735 - set Specific Code input for plugin: RCC
2021-05-31 01:50:40,654 [INFO] CodeGenerator:641 - code generatio: config db path: C:\ST\STM32CubeIDE_1.6.1\STM32CubeIDE\plugins\com.st.stm32cube.common.mx_6.2.1.202103241236\\db\
2021-05-31 01:50:40,999 [INFO] CodeEngine:229 - oldGeneratedFile, C:\NelsonLima\Projetos\PT2258.git\PT2258\MXTmpFiles\license.tmp_save
2021-05-31 01:50:41,305 [INFO] CodeEngine:247 - Generated code: C:\NelsonLima\Projetos\PT2258.git\PT2258\MXTmpFiles\license.tmp
2021-05-31 01:50:41,380 [INFO] CodeEngine:229 - oldGeneratedFile, C:\NelsonLima\Projetos\PT2258.git\PT2258\Core\Src\stm32f4xx_it.c_save
2021-05-31 01:50:41,480 [INFO] CodeEngine:247 - Generated code: C:\NelsonLima\Projetos\PT2258.git\PT2258\Core\Src\stm32f4xx_it.c
2021-05-31 01:50:41,489 [INFO] CodeEngine:229 - oldGeneratedFile, C:\NelsonLima\Projetos\PT2258.git\PT2258\Core\Inc\stm32f4xx_it.h_save
2021-05-31 01:50:41,541 [INFO] CodeEngine:247 - Generated code: C:\NelsonLima\Projetos\PT2258.git\PT2258\Core\Inc\stm32f4xx_it.h
2021-05-31 01:50:41,558 [INFO] CodeEngine:229 - oldGeneratedFile, C:\NelsonLima\Projetos\PT2258.git\PT2258\Core\Src\stm32f4xx_hal_msp.c_save
2021-05-31 01:50:41,634 [INFO] CodeEngine:247 - Generated code: C:\NelsonLima\Projetos\PT2258.git\PT2258\Core\Src\stm32f4xx_hal_msp.c
2021-05-31 01:50:41,641 [INFO] CodeEngine:229 - oldGeneratedFile, C:\NelsonLima\Projetos\PT2258.git\PT2258\MXTmpFiles\system.tmp_save
2021-05-31 01:50:41,691 [INFO] CodeEngine:247 - Generated code: C:\NelsonLima\Projetos\PT2258.git\PT2258\MXTmpFiles\system.tmp
2021-05-31 01:50:41,705 [INFO] CodeEngine:229 - oldGeneratedFile, C:\NelsonLima\Projetos\PT2258.git\PT2258\Core\Inc\stm32f4xx_hal_conf.h_save
2021-05-31 01:50:41,769 [INFO] CodeEngine:247 - Generated code: C:\NelsonLima\Projetos\PT2258.git\PT2258\Core\Inc\stm32f4xx_hal_conf.h
2021-05-31 01:50:41,826 [INFO] CodeEngine:229 - oldGeneratedFile, C:\NelsonLima\Projetos\PT2258.git\PT2258\Core\Inc\main.h_save
2021-05-31 01:50:41,892 [INFO] CodeEngine:247 - Generated code: C:\NelsonLima\Projetos\PT2258.git\PT2258\Core\Inc\main.h
2021-05-31 01:50:41,900 [INFO] CodeEngine:229 - oldGeneratedFile, C:\NelsonLima\Projetos\PT2258.git\PT2258\Core\Src\main.c_save
2021-05-31 01:50:41,984 [INFO] CodeEngine:247 - Generated code: C:\NelsonLima\Projetos\PT2258.git\PT2258\Core\Src\main.c
2021-05-31 01:50:43,118 [INFO] ProjectBuilder:2460 - Time for Copy HAL[1] : 439mS.
2021-05-31 01:50:43,122 [INFO] ProjectBuilder:3418 - Project Generator version: 3.13.0-B3
2021-05-31 01:50:43,522 [INFO] ConfigFileManager:1242 - The Die is : DIE423
2021-05-31 01:50:43,551 [INFO] ApiDbMcu:458 - Load IP Config File for FATFS
2021-05-31 01:50:43,586 [INFO] ApiDbMcu:458 - Load IP Config File for FREERTOS
2021-05-31 01:50:43,597 [INFO] ApiDbMcu:458 - Load IP Config File for LIBJPEG
2021-05-31 01:50:43,642 [INFO] ApiDbMcu:458 - Load IP Config File for MBEDTLS
2021-05-31 01:50:43,742 [INFO] ApiDbMcu:458 - Load IP Config File for USB_DEVICE
2021-05-31 01:50:43,760 [INFO] ApiDbMcu:458 - Load IP Config File for USB_HOST
2021-05-31 01:50:49,493 [INFO] ProjectBuilder:3584 - Time for Generating toolchain IDE Files: 6371mS.
2021-05-31 01:50:49,493 [INFO] ProjectBuilder:2339 - Time for Copy CMSIS : 0mS.
2021-05-31 01:50:49,495 [INFO] ProjectBuilder:2339 - Time for Copy CMSIS : 0mS.
2021-05-31 01:50:50,123 [INFO] ApiDb:276 - Save user favorites file C:\Users\Nelson Lima/.stm32cubeide/favorites.mcus.txt: 0 item(s)
2021-05-31 01:50:50,124 [INFO] ApiDb:280 - User favorites MCUs=[]
2021-05-31 02:25:52,086 [INFO] Gpio:248 - dependency for GPIO [RCC]
2021-05-31 02:26:07,403 [INFO] Gpio:248 - dependency for GPIO [RCC]
2021-05-31 02:30:22,157 [WARN] IP:2088 - I2C_Coeff_DF not found: check if there is a RefParameter without a condition.
2021-05-31 02:30:22,157 [WARN] IP:2088 - Analog_Filter not found: check if there is a RefParameter without a condition.
2021-05-31 02:30:22,179 [WARN] IP:2088 - I2C_Coeff_DF not found: check if there is a RefParameter without a condition.
2021-05-31 02:30:22,179 [WARN] IP:2088 - Analog_Filter not found: check if there is a RefParameter without a condition.
2021-05-31 02:30:22,179 [WARN] IP:2088 - I2C_Coeff_DF not found: check if there is a RefParameter without a condition.
2021-05-31 02:30:22,180 [WARN] IP:2088 - Analog_Filter not found: check if there is a RefParameter without a condition.
2021-05-31 02:30:22,218 [WARN] IP:2088 - I2C_Coeff_DF not found: check if there is a RefParameter without a condition.
2021-05-31 02:30:22,218 [WARN] IP:2088 - Analog_Filter not found: check if there is a RefParameter without a condition.
2021-05-31 02:30:22,220 [WARN] IP:2088 - I2C_Coeff_DF not found: check if there is a RefParameter without a condition.
2021-05-31 02:30:22,220 [WARN] IP:2088 - Analog_Filter not found: check if there is a RefParameter without a condition.
2021-05-31 02:30:22,223 [WARN] IP:2088 - I2C_Coeff_DF not found: check if there is a RefParameter without a condition.
2021-05-31 02:30:22,223 [WARN] IP:2088 - Analog_Filter not found: check if there is a RefParameter without a condition.
2021-05-31 02:30:53,098 [INFO] UtilMem:74 - End SaveConfig() Used Memory: 709350296 Bytes (775946240)
2021-05-31 02:30:55,071 [INFO] UtilMem:74 - End SaveConfig() Used Memory: 300134000 Bytes (775946240)
2021-05-31 02:31:00,765 [INFO] UtilMem:74 - End SaveConfig() Used Memory: 346824104 Bytes (775946240)
2021-05-31 02:31:01,120 [INFO] BlockDiagram:2735 - set Specific Code input for plugin: NVIC
2021-05-31 02:31:01,121 [INFO] BlockDiagram:2735 - set Specific Code input for plugin: SYS
2021-05-31 02:31:01,121 [INFO] BlockDiagram:2735 - set Specific Code input for plugin: GPIO
2021-05-31 02:31:01,121 [INFO] BlockDiagram:2735 - set Specific Code input for plugin: RCC
2021-05-31 02:31:01,121 [INFO] BlockDiagram:2735 - set Specific Code input for plugin: I2C
2021-05-31 02:31:01,122 [INFO] CodeGenerator:641 - code generatio: config db path: C:\ST\STM32CubeIDE_1.6.1\STM32CubeIDE\plugins\com.st.stm32cube.common.mx_6.2.1.202103241236\\db\
2021-05-31 02:31:01,124 [WARN] IP:2088 - I2C_Coeff_DF not found: check if there is a RefParameter without a condition.
2021-05-31 02:31:01,124 [WARN] IP:2088 - Analog_Filter not found: check if there is a RefParameter without a condition.
2021-05-31 02:31:01,367 [INFO] CodeEngine:229 - oldGeneratedFile, C:\NelsonLima\Projetos\PT2258.git\PT2258\MXTmpFiles\license.tmp_save
2021-05-31 02:31:01,447 [INFO] CodeEngine:247 - Generated code: C:\NelsonLima\Projetos\PT2258.git\PT2258\MXTmpFiles\license.tmp
2021-05-31 02:31:01,496 [INFO] CodeEngine:229 - oldGeneratedFile, C:\NelsonLima\Projetos\PT2258.git\PT2258\MXTmpFiles\gpio.tmp_save
2021-05-31 02:31:01,552 [INFO] CodeEngine:247 - Generated code: C:\NelsonLima\Projetos\PT2258.git\PT2258\MXTmpFiles\gpio.tmp
2021-05-31 02:31:01,629 [INFO] LogOutputStream:76 - [STDOUT_REDIRECT] Command line
2021-05-31 02:31:01,647 [INFO] CodeEngine:229 - oldGeneratedFile, C:\NelsonLima\Projetos\PT2258.git\PT2258\Core\Src\stm32f4xx_it.c_save
2021-05-31 02:31:01,735 [INFO] CodeEngine:247 - Generated code: C:\NelsonLima\Projetos\PT2258.git\PT2258\Core\Src\stm32f4xx_it.c
2021-05-31 02:31:01,756 [INFO] CodeEngine:229 - oldGeneratedFile, C:\NelsonLima\Projetos\PT2258.git\PT2258\Core\Inc\stm32f4xx_it.h_save
2021-05-31 02:31:01,821 [INFO] CodeEngine:247 - Generated code: C:\NelsonLima\Projetos\PT2258.git\PT2258\Core\Inc\stm32f4xx_it.h
2021-05-31 02:31:01,843 [INFO] CodeEngine:229 - oldGeneratedFile, C:\NelsonLima\Projetos\PT2258.git\PT2258\Core\Src\stm32f4xx_hal_msp.c_save
2021-05-31 02:31:01,945 [INFO] CodeEngine:247 - Generated code: C:\NelsonLima\Projetos\PT2258.git\PT2258\Core\Src\stm32f4xx_hal_msp.c
2021-05-31 02:31:01,952 [INFO] CodeEngine:229 - oldGeneratedFile, C:\NelsonLima\Projetos\PT2258.git\PT2258\MXTmpFiles\system.tmp_save
2021-05-31 02:31:01,991 [INFO] CodeEngine:247 - Generated code: C:\NelsonLima\Projetos\PT2258.git\PT2258\MXTmpFiles\system.tmp
2021-05-31 02:31:02,007 [INFO] CodeEngine:229 - oldGeneratedFile, C:\NelsonLima\Projetos\PT2258.git\PT2258\Core\Inc\stm32f4xx_hal_conf.h_save
2021-05-31 02:31:02,076 [INFO] CodeEngine:247 - Generated code: C:\NelsonLima\Projetos\PT2258.git\PT2258\Core\Inc\stm32f4xx_hal_conf.h
2021-05-31 02:31:02,120 [INFO] CodeEngine:229 - oldGeneratedFile, C:\NelsonLima\Projetos\PT2258.git\PT2258\Core\Inc\main.h_save
2021-05-31 02:31:02,203 [INFO] CodeEngine:247 - Generated code: C:\NelsonLima\Projetos\PT2258.git\PT2258\Core\Inc\main.h
2021-05-31 02:31:02,215 [INFO] CodeEngine:229 - oldGeneratedFile, C:\NelsonLima\Projetos\PT2258.git\PT2258\Core\Src\main.c_save
2021-05-31 02:31:02,305 [INFO] CodeEngine:247 - Generated code: C:\NelsonLima\Projetos\PT2258.git\PT2258\Core\Src\main.c
2021-05-31 02:31:03,372 [INFO] ProjectBuilder:2460 - Time for Copy HAL[1] : 413mS.
2021-05-31 02:31:03,375 [INFO] ProjectBuilder:3418 - Project Generator version: 3.13.0-B3
2021-05-31 02:31:03,877 [INFO] ConfigFileManager:1242 - The Die is : DIE423
2021-05-31 02:31:06,477 [INFO] ProjectBuilder:3584 - Time for Generating toolchain IDE Files: 3102mS.
2021-05-31 02:31:06,478 [INFO] ProjectBuilder:2339 - Time for Copy CMSIS : 1mS.
2021-05-31 02:31:06,480 [INFO] ProjectBuilder:2339 - Time for Copy CMSIS : 0mS.
2021-05-31 02:31:21,767 [WARN] IP:2088 - I2C_Coeff_DF not found: check if there is a RefParameter without a condition.
2021-05-31 02:31:21,767 [WARN] IP:2088 - Analog_Filter not found: check if there is a RefParameter without a condition.
2021-05-31 02:31:21,767 [WARN] IP:2088 - I2C_Coeff_DF not found: check if there is a RefParameter without a condition.
2021-05-31 02:31:21,768 [WARN] IP:2088 - Analog_Filter not found: check if there is a RefParameter without a condition.
2021-05-31 02:31:21,807 [WARN] IP:2088 - I2C_Coeff_DF not found: check if there is a RefParameter without a condition.
2021-05-31 02:31:21,807 [WARN] IP:2088 - Analog_Filter not found: check if there is a RefParameter without a condition.
2021-05-31 02:31:21,810 [WARN] IP:2088 - I2C_Coeff_DF not found: check if there is a RefParameter without a condition.
2021-05-31 02:31:21,811 [WARN] IP:2088 - Analog_Filter not found: check if there is a RefParameter without a condition.
2021-05-31 02:31:31,827 [WARN] IP:2088 - I2C_Coeff_DF not found: check if there is a RefParameter without a condition.
2021-05-31 02:31:31,827 [WARN] IP:2088 - Analog_Filter not found: check if there is a RefParameter without a condition.
2021-05-31 02:31:31,828 [WARN] IP:2088 - I2C_Coeff_DF not found: check if there is a RefParameter without a condition.
2021-05-31 02:31:31,828 [WARN] IP:2088 - Analog_Filter not found: check if there is a RefParameter without a condition.
2021-05-31 02:31:31,866 [WARN] IP:2088 - I2C_Coeff_DF not found: check if there is a RefParameter without a condition.
2021-05-31 02:31:31,866 [WARN] IP:2088 - Analog_Filter not found: check if there is a RefParameter without a condition.
2021-05-31 02:31:31,869 [WARN] IP:2088 - I2C_Coeff_DF not found: check if there is a RefParameter without a condition.
2021-05-31 02:31:31,869 [WARN] IP:2088 - Analog_Filter not found: check if there is a RefParameter without a condition.
2021-05-31 02:31:37,400 [WARN] IP:2088 - I2C_Coeff_DF not found: check if there is a RefParameter without a condition.
2021-05-31 02:31:37,401 [WARN] IP:2088 - Analog_Filter not found: check if there is a RefParameter without a condition.
2021-05-31 02:31:37,401 [WARN] IP:2088 - I2C_Coeff_DF not found: check if there is a RefParameter without a condition.
2021-05-31 02:31:37,401 [WARN] IP:2088 - Analog_Filter not found: check if there is a RefParameter without a condition.
2021-05-31 02:31:37,440 [WARN] IP:2088 - I2C_Coeff_DF not found: check if there is a RefParameter without a condition.
2021-05-31 02:31:37,440 [WARN] IP:2088 - Analog_Filter not found: check if there is a RefParameter without a condition.
2021-05-31 02:31:37,443 [WARN] IP:2088 - I2C_Coeff_DF not found: check if there is a RefParameter without a condition.
2021-05-31 02:31:37,443 [WARN] IP:2088 - Analog_Filter not found: check if there is a RefParameter without a condition.
2021-05-31 02:31:40,223 [INFO] UtilMem:74 - End SaveConfig() Used Memory: 676400224 Bytes (825229312)
2021-05-31 02:31:41,689 [INFO] UtilMem:74 - End SaveConfig() Used Memory: 690031712 Bytes (825229312)
2021-05-31 02:31:42,977 [INFO] UtilMem:74 - End SaveConfig() Used Memory: 319238808 Bytes (825229312)
2021-05-31 02:31:43,215 [INFO] BlockDiagram:2735 - set Specific Code input for plugin: NVIC
2021-05-31 02:31:43,215 [INFO] BlockDiagram:2735 - set Specific Code input for plugin: SYS
2021-05-31 02:31:43,215 [INFO] BlockDiagram:2735 - set Specific Code input for plugin: GPIO
2021-05-31 02:31:43,215 [INFO] BlockDiagram:2735 - set Specific Code input for plugin: RCC
2021-05-31 02:31:43,215 [INFO] BlockDiagram:2735 - set Specific Code input for plugin: I2C
2021-05-31 02:31:43,216 [INFO] CodeGenerator:641 - code generatio: config db path: C:\ST\STM32CubeIDE_1.6.1\STM32CubeIDE\plugins\com.st.stm32cube.common.mx_6.2.1.202103241236\\db\
2021-05-31 02:31:43,221 [WARN] IP:2088 - I2C_Coeff_DF not found: check if there is a RefParameter without a condition.
2021-05-31 02:31:43,221 [WARN] IP:2088 - Analog_Filter not found: check if there is a RefParameter without a condition.
2021-05-31 02:31:43,448 [INFO] CodeEngine:229 - oldGeneratedFile, C:\NelsonLima\Projetos\PT2258.git\PT2258\MXTmpFiles\license.tmp_save
2021-05-31 02:31:43,488 [INFO] CodeEngine:247 - Generated code: C:\NelsonLima\Projetos\PT2258.git\PT2258\MXTmpFiles\license.tmp
2021-05-31 02:31:43,502 [INFO] CodeEngine:229 - oldGeneratedFile, C:\NelsonLima\Projetos\PT2258.git\PT2258\MXTmpFiles\gpio.tmp_save
2021-05-31 02:31:43,547 [INFO] CodeEngine:247 - Generated code: C:\NelsonLima\Projetos\PT2258.git\PT2258\MXTmpFiles\gpio.tmp
2021-05-31 02:31:43,578 [INFO] LogOutputStream:76 - [STDOUT_REDIRECT] Command line
2021-05-31 02:31:43,589 [INFO] CodeEngine:229 - oldGeneratedFile, C:\NelsonLima\Projetos\PT2258.git\PT2258\Core\Src\stm32f4xx_it.c_save
2021-05-31 02:31:43,645 [INFO] CodeEngine:247 - Generated code: C:\NelsonLima\Projetos\PT2258.git\PT2258\Core\Src\stm32f4xx_it.c
2021-05-31 02:31:43,649 [INFO] CodeEngine:229 - oldGeneratedFile, C:\NelsonLima\Projetos\PT2258.git\PT2258\Core\Inc\stm32f4xx_it.h_save
2021-05-31 02:31:43,693 [INFO] CodeEngine:247 - Generated code: C:\NelsonLima\Projetos\PT2258.git\PT2258\Core\Inc\stm32f4xx_it.h
2021-05-31 02:31:43,705 [INFO] CodeEngine:229 - oldGeneratedFile, C:\NelsonLima\Projetos\PT2258.git\PT2258\Core\Src\stm32f4xx_hal_msp.c_save
2021-05-31 02:31:43,776 [INFO] CodeEngine:247 - Generated code: C:\NelsonLima\Projetos\PT2258.git\PT2258\Core\Src\stm32f4xx_hal_msp.c
2021-05-31 02:31:43,778 [INFO] CodeEngine:229 - oldGeneratedFile, C:\NelsonLima\Projetos\PT2258.git\PT2258\MXTmpFiles\system.tmp_save
2021-05-31 02:31:43,818 [INFO] CodeEngine:247 - Generated code: C:\NelsonLima\Projetos\PT2258.git\PT2258\MXTmpFiles\system.tmp
2021-05-31 02:31:43,829 [INFO] CodeEngine:229 - oldGeneratedFile, C:\NelsonLima\Projetos\PT2258.git\PT2258\Core\Inc\stm32f4xx_hal_conf.h_save
2021-05-31 02:31:43,919 [INFO] CodeEngine:247 - Generated code: C:\NelsonLima\Projetos\PT2258.git\PT2258\Core\Inc\stm32f4xx_hal_conf.h
2021-05-31 02:31:43,957 [INFO] CodeEngine:229 - oldGeneratedFile, C:\NelsonLima\Projetos\PT2258.git\PT2258\Core\Inc\main.h_save
2021-05-31 02:31:44,005 [INFO] CodeEngine:247 - Generated code: C:\NelsonLima\Projetos\PT2258.git\PT2258\Core\Inc\main.h
2021-05-31 02:31:44,012 [INFO] CodeEngine:229 - oldGeneratedFile, C:\NelsonLima\Projetos\PT2258.git\PT2258\Core\Src\main.c_save
2021-05-31 02:31:44,097 [INFO] CodeEngine:247 - Generated code: C:\NelsonLima\Projetos\PT2258.git\PT2258\Core\Src\main.c
2021-05-31 02:31:44,771 [INFO] ProjectBuilder:2460 - Time for Copy HAL[1] : 62mS.
2021-05-31 02:31:44,773 [INFO] ProjectBuilder:3418 - Project Generator version: 3.13.0-B3
2021-05-31 02:31:45,053 [INFO] ConfigFileManager:1242 - The Die is : DIE423
2021-05-31 02:31:46,647 [INFO] ProjectBuilder:3584 - Time for Generating toolchain IDE Files: 1874mS.
2021-05-31 02:31:46,648 [INFO] ProjectBuilder:2339 - Time for Copy CMSIS : 1mS.
2021-05-31 02:31:46,649 [INFO] ProjectBuilder:2339 - Time for Copy CMSIS : 0mS.
2021-05-31 02:32:12,525 [INFO] Gpio:248 - dependency for GPIO [I2C1, RCC, SYS]
2021-05-31 02:32:52,687 [INFO] UtilMem:74 - End SaveConfig() Used Memory: 354638536 Bytes (851443712)
2021-05-31 02:32:54,831 [INFO] UtilMem:74 - End SaveConfig() Used Memory: 369318600 Bytes (851443712)
2021-05-31 02:32:56,249 [INFO] UtilMem:74 - End SaveConfig() Used Memory: 402873032 Bytes (851443712)
2021-05-31 02:32:56,542 [INFO] BlockDiagram:2735 - set Specific Code input for plugin: NVIC
2021-05-31 02:32:56,542 [INFO] BlockDiagram:2735 - set Specific Code input for plugin: SYS
2021-05-31 02:32:56,543 [INFO] BlockDiagram:2735 - set Specific Code input for plugin: GPIO
2021-05-31 02:32:56,543 [INFO] BlockDiagram:2735 - set Specific Code input for plugin: RCC
2021-05-31 02:32:56,543 [INFO] BlockDiagram:2735 - set Specific Code input for plugin: I2C
2021-05-31 02:32:56,543 [INFO] CodeGenerator:641 - code generatio: config db path: C:\ST\STM32CubeIDE_1.6.1\STM32CubeIDE\plugins\com.st.stm32cube.common.mx_6.2.1.202103241236\\db\
2021-05-31 02:32:56,546 [WARN] IP:2088 - I2C_Coeff_DF not found: check if there is a RefParameter without a condition.
2021-05-31 02:32:56,547 [WARN] IP:2088 - Analog_Filter not found: check if there is a RefParameter without a condition.
2021-05-31 02:32:56,757 [INFO] CodeEngine:229 - oldGeneratedFile, C:\NelsonLima\Projetos\PT2258.git\PT2258\MXTmpFiles\license.tmp_save
2021-05-31 02:32:56,808 [INFO] CodeEngine:247 - Generated code: C:\NelsonLima\Projetos\PT2258.git\PT2258\MXTmpFiles\license.tmp
2021-05-31 02:32:56,821 [INFO] CodeEngine:229 - oldGeneratedFile, C:\NelsonLima\Projetos\PT2258.git\PT2258\MXTmpFiles\gpio.tmp_save
2021-05-31 02:32:56,865 [INFO] CodeEngine:247 - Generated code: C:\NelsonLima\Projetos\PT2258.git\PT2258\MXTmpFiles\gpio.tmp
2021-05-31 02:32:56,895 [INFO] LogOutputStream:76 - [STDOUT_REDIRECT] Command line
2021-05-31 02:32:56,907 [INFO] CodeEngine:229 - oldGeneratedFile, C:\NelsonLima\Projetos\PT2258.git\PT2258\Core\Src\stm32f4xx_it.c_save
2021-05-31 02:32:56,963 [INFO] CodeEngine:247 - Generated code: C:\NelsonLima\Projetos\PT2258.git\PT2258\Core\Src\stm32f4xx_it.c
2021-05-31 02:32:56,967 [INFO] CodeEngine:229 - oldGeneratedFile, C:\NelsonLima\Projetos\PT2258.git\PT2258\Core\Inc\stm32f4xx_it.h_save
2021-05-31 02:32:57,014 [INFO] CodeEngine:247 - Generated code: C:\NelsonLima\Projetos\PT2258.git\PT2258\Core\Inc\stm32f4xx_it.h
2021-05-31 02:32:57,026 [INFO] CodeEngine:229 - oldGeneratedFile, C:\NelsonLima\Projetos\PT2258.git\PT2258\Core\Src\stm32f4xx_hal_msp.c_save
2021-05-31 02:32:57,098 [INFO] CodeEngine:247 - Generated code: C:\NelsonLima\Projetos\PT2258.git\PT2258\Core\Src\stm32f4xx_hal_msp.c
2021-05-31 02:32:57,100 [INFO] CodeEngine:229 - oldGeneratedFile, C:\NelsonLima\Projetos\PT2258.git\PT2258\MXTmpFiles\system.tmp_save
2021-05-31 02:32:57,140 [INFO] CodeEngine:247 - Generated code: C:\NelsonLima\Projetos\PT2258.git\PT2258\MXTmpFiles\system.tmp
2021-05-31 02:32:57,151 [INFO] CodeEngine:229 - oldGeneratedFile, C:\NelsonLima\Projetos\PT2258.git\PT2258\Core\Inc\stm32f4xx_hal_conf.h_save
2021-05-31 02:32:57,240 [INFO] CodeEngine:247 - Generated code: C:\NelsonLima\Projetos\PT2258.git\PT2258\Core\Inc\stm32f4xx_hal_conf.h
2021-05-31 02:32:57,279 [INFO] CodeEngine:229 - oldGeneratedFile, C:\NelsonLima\Projetos\PT2258.git\PT2258\Core\Inc\main.h_save
2021-05-31 02:32:57,336 [INFO] CodeEngine:247 - Generated code: C:\NelsonLima\Projetos\PT2258.git\PT2258\Core\Inc\main.h
2021-05-31 02:32:57,344 [INFO] CodeEngine:229 - oldGeneratedFile, C:\NelsonLima\Projetos\PT2258.git\PT2258\Core\Src\main.c_save
2021-05-31 02:32:57,432 [INFO] CodeEngine:247 - Generated code: C:\NelsonLima\Projetos\PT2258.git\PT2258\Core\Src\main.c
2021-05-31 02:32:58,132 [INFO] ProjectBuilder:2460 - Time for Copy HAL[1] : 58mS.
2021-05-31 02:32:58,135 [INFO] ProjectBuilder:3418 - Project Generator version: 3.13.0-B3
2021-05-31 02:32:58,414 [INFO] ConfigFileManager:1242 - The Die is : DIE423
2021-05-31 02:32:59,962 [INFO] ProjectBuilder:3584 - Time for Generating toolchain IDE Files: 1827mS.
2021-05-31 02:32:59,962 [INFO] ProjectBuilder:2339 - Time for Copy CMSIS : 0mS.
2021-05-31 02:32:59,964 [INFO] ProjectBuilder:2339 - Time for Copy CMSIS : 0mS.
2021-05-31 02:42:49,106 [INFO] UtilMem:74 - End SaveConfig() Used Memory: 523833536 Bytes (879755264)
2021-05-31 02:42:50,863 [INFO] UtilMem:74 - End SaveConfig() Used Memory: 537991360 Bytes (879755264)
2021-05-31 02:42:52,522 [INFO] UtilMem:74 - End SaveConfig() Used Memory: 576788672 Bytes (879755264)
2021-05-31 02:42:52,899 [INFO] BlockDiagram:2735 - set Specific Code input for plugin: NVIC
2021-05-31 02:42:52,899 [INFO] BlockDiagram:2735 - set Specific Code input for plugin: SYS
2021-05-31 02:42:52,899 [INFO] BlockDiagram:2735 - set Specific Code input for plugin: GPIO
2021-05-31 02:42:52,899 [INFO] BlockDiagram:2735 - set Specific Code input for plugin: RCC
2021-05-31 02:42:52,899 [INFO] BlockDiagram:2735 - set Specific Code input for plugin: I2C
2021-05-31 02:42:52,900 [INFO] CodeGenerator:641 - code generatio: config db path: C:\ST\STM32CubeIDE_1.6.1\STM32CubeIDE\plugins\com.st.stm32cube.common.mx_6.2.1.202103241236\\db\
2021-05-31 02:42:52,903 [WARN] IP:2088 - I2C_Coeff_DF not found: check if there is a RefParameter without a condition.
2021-05-31 02:42:52,903 [WARN] IP:2088 - Analog_Filter not found: check if there is a RefParameter without a condition.
2021-05-31 02:42:53,141 [INFO] CodeEngine:229 - oldGeneratedFile, C:\NelsonLima\Projetos\PT2258.git\PT2258\MXTmpFiles\license.tmp_save
2021-05-31 02:42:53,219 [INFO] CodeEngine:247 - Generated code: C:\NelsonLima\Projetos\PT2258.git\PT2258\MXTmpFiles\license.tmp
2021-05-31 02:42:53,243 [INFO] CodeEngine:229 - oldGeneratedFile, C:\NelsonLima\Projetos\PT2258.git\PT2258\Core\Src\gpio.c_save
2021-05-31 02:42:53,301 [INFO] CodeEngine:247 - Generated code: C:\NelsonLima\Projetos\PT2258.git\PT2258\Core\Src\gpio.c
2021-05-31 02:42:53,308 [INFO] CodeEngine:229 - oldGeneratedFile, C:\NelsonLima\Projetos\PT2258.git\PT2258\Core\Inc\gpio.h_save
2021-05-31 02:42:53,365 [INFO] CodeEngine:247 - Generated code: C:\NelsonLima\Projetos\PT2258.git\PT2258\Core\Inc\gpio.h
2021-05-31 02:42:53,411 [INFO] LogOutputStream:76 - [STDOUT_REDIRECT] Command line
2021-05-31 02:42:53,422 [INFO] CodeEngine:229 - oldGeneratedFile, C:\NelsonLima\Projetos\PT2258.git\PT2258\Core\Src\i2c.c_save
2021-05-31 02:42:53,500 [INFO] CodeEngine:247 - Generated code: C:\NelsonLima\Projetos\PT2258.git\PT2258\Core\Src\i2c.c
2021-05-31 02:42:53,546 [INFO] CodeEngine:229 - oldGeneratedFile, C:\NelsonLima\Projetos\PT2258.git\PT2258\Core\Inc\i2c.h_save
2021-05-31 02:42:53,595 [INFO] CodeEngine:247 - Generated code: C:\NelsonLima\Projetos\PT2258.git\PT2258\Core\Inc\i2c.h
2021-05-31 02:42:53,607 [INFO] CodeEngine:229 - oldGeneratedFile, C:\NelsonLima\Projetos\PT2258.git\PT2258\Core\Src\stm32f4xx_it.c_save
2021-05-31 02:42:53,698 [INFO] CodeEngine:247 - Generated code: C:\NelsonLima\Projetos\PT2258.git\PT2258\Core\Src\stm32f4xx_it.c
2021-05-31 02:42:53,701 [INFO] CodeEngine:229 - oldGeneratedFile, C:\NelsonLima\Projetos\PT2258.git\PT2258\Core\Inc\stm32f4xx_it.h_save
2021-05-31 02:42:53,754 [INFO] CodeEngine:247 - Generated code: C:\NelsonLima\Projetos\PT2258.git\PT2258\Core\Inc\stm32f4xx_it.h
2021-05-31 02:42:53,766 [INFO] CodeEngine:229 - oldGeneratedFile, C:\NelsonLima\Projetos\PT2258.git\PT2258\Core\Src\stm32f4xx_hal_msp.c_save
2021-05-31 02:42:53,840 [INFO] CodeEngine:247 - Generated code: C:\NelsonLima\Projetos\PT2258.git\PT2258\Core\Src\stm32f4xx_hal_msp.c
2021-05-31 02:42:53,843 [INFO] CodeEngine:229 - oldGeneratedFile, C:\NelsonLima\Projetos\PT2258.git\PT2258\MXTmpFiles\system.tmp_save
2021-05-31 02:42:53,880 [INFO] CodeEngine:247 - Generated code: C:\NelsonLima\Projetos\PT2258.git\PT2258\MXTmpFiles\system.tmp
2021-05-31 02:42:53,891 [INFO] CodeEngine:229 - oldGeneratedFile, C:\NelsonLima\Projetos\PT2258.git\PT2258\Core\Inc\stm32f4xx_hal_conf.h_save
2021-05-31 02:42:53,955 [INFO] CodeEngine:247 - Generated code: C:\NelsonLima\Projetos\PT2258.git\PT2258\Core\Inc\stm32f4xx_hal_conf.h
2021-05-31 02:42:53,996 [INFO] CodeEngine:229 - oldGeneratedFile, C:\NelsonLima\Projetos\PT2258.git\PT2258\Core\Inc\main.h_save
2021-05-31 02:42:54,049 [INFO] CodeEngine:247 - Generated code: C:\NelsonLima\Projetos\PT2258.git\PT2258\Core\Inc\main.h
2021-05-31 02:42:54,056 [INFO] CodeEngine:229 - oldGeneratedFile, C:\NelsonLima\Projetos\PT2258.git\PT2258\Core\Src\main.c_save
2021-05-31 02:42:54,133 [INFO] CodeEngine:247 - Generated code: C:\NelsonLima\Projetos\PT2258.git\PT2258\Core\Src\main.c
2021-05-31 02:42:54,718 [INFO] ProjectBuilder:2460 - Time for Copy HAL[1] : 59mS.
2021-05-31 02:42:54,722 [INFO] ProjectBuilder:3418 - Project Generator version: 3.13.0-B3
2021-05-31 02:42:55,146 [INFO] ConfigFileManager:1242 - The Die is : DIE423
2021-05-31 02:42:56,762 [INFO] ProjectBuilder:3584 - Time for Generating toolchain IDE Files: 2040mS.
2021-05-31 02:42:56,763 [INFO] ProjectBuilder:2339 - Time for Copy CMSIS : 0mS.
2021-05-31 02:42:56,765 [INFO] ProjectBuilder:2339 - Time for Copy CMSIS : 0mS.
2021-06-01 02:12:38,937 [INFO] Activator:170 - 


2021-06-01 02:12:38,939 [INFO] Activator:171 - !SESSION log4j initialized
